<?xml version="1.0" encoding="UTF-8"?>
<coverage generated="1729452781031" clover="3.2.0">
  <project timestamp="1729452781031" name="All files">
    <metrics statements="350" coveredstatements="283" conditionals="311" coveredconditionals="218" methods="68" coveredmethods="57" elements="729" coveredelements="558" complexity="0" loc="350" ncloc="350" packages="7" files="9" classes="9"/>
    <package name="src">
      <metrics statements="23" coveredstatements="23" conditionals="3" coveredconditionals="3" methods="7" coveredmethods="7"/>
      <file name="main.ts" path="/home/ulap206/@kor-protocol/core-sdk/src/main.ts">
        <metrics statements="23" coveredstatements="23" conditionals="3" coveredconditionals="3" methods="7" coveredmethods="7"/>
        <line num="1" count="7" type="stmt"/>
        <line num="2" count="7" type="stmt"/>
        <line num="4" count="7" type="stmt"/>
        <line num="5" count="7" type="stmt"/>
        <line num="6" count="7" type="stmt"/>
        <line num="15" count="7" type="stmt"/>
        <line num="18" count="7" type="stmt"/>
        <line num="19" count="7" type="stmt"/>
        <line num="21" count="7" type="stmt"/>
        <line num="23" count="54" type="stmt"/>
        <line num="25" count="7" type="stmt"/>
        <line num="28" count="6" type="stmt"/>
        <line num="29" count="6" type="stmt"/>
        <line num="30" count="6" type="cond" truecount="1" falsecount="0"/>
        <line num="31" count="1" type="stmt"/>
        <line num="33" count="6" type="stmt"/>
        <line num="34" count="6" type="stmt"/>
        <line num="35" count="6" type="cond" truecount="2" falsecount="0"/>
        <line num="36" count="5" type="stmt"/>
        <line num="38" count="1" type="stmt"/>
        <line num="42" count="7" type="stmt"/>
        <line num="43" count="6" type="stmt"/>
        <line num="56" count="7" type="stmt"/>
      </file>
      <file name="vite-env.d.ts" path="/home/ulap206/@kor-protocol/core-sdk/src/vite-env.d.ts">
        <metrics statements="0" coveredstatements="0" conditionals="0" coveredconditionals="0" methods="0" coveredmethods="0"/>
      </file>
    </package>
    <package name="src.abis">
      <metrics statements="2" coveredstatements="2" conditionals="0" coveredconditionals="0" methods="0" coveredmethods="0"/>
      <file name="ip-module.ts" path="/home/ulap206/@kor-protocol/core-sdk/src/abis/ip-module.ts">
        <metrics statements="1" coveredstatements="1" conditionals="0" coveredconditionals="0" methods="0" coveredmethods="0"/>
        <line num="1" count="6" type="stmt"/>
      </file>
      <file name="nft-module.ts" path="/home/ulap206/@kor-protocol/core-sdk/src/abis/nft-module.ts">
        <metrics statements="1" coveredstatements="1" conditionals="0" coveredconditionals="0" methods="0" coveredmethods="0"/>
        <line num="1" count="3" type="stmt"/>
      </file>
    </package>
    <package name="src.module">
      <metrics statements="31" coveredstatements="31" conditionals="0" coveredconditionals="0" methods="15" coveredmethods="15"/>
      <file name="base.ts" path="/home/ulap206/@kor-protocol/core-sdk/src/module/base.ts">
        <metrics statements="31" coveredstatements="31" conditionals="0" coveredconditionals="0" methods="15" coveredmethods="15"/>
        <line num="10" count="7" type="stmt"/>
        <line num="11" count="7" type="stmt"/>
        <line num="12" count="7" type="stmt"/>
        <line num="13" count="7" type="stmt"/>
        <line num="15" count="7" type="stmt"/>
        <line num="16" count="86" type="stmt"/>
        <line num="17" count="86" type="stmt"/>
        <line num="19" count="86" type="stmt"/>
        <line num="20" count="86" type="stmt"/>
        <line num="21" count="86" type="stmt"/>
        <line num="24" count="86" type="stmt"/>
        <line num="25" count="1" type="stmt"/>
        <line num="26" count="1" type="stmt"/>
        <line num="29" count="86" type="stmt"/>
        <line num="30" count="1" type="stmt"/>
        <line num="31" count="1" type="stmt"/>
        <line num="34" count="86" type="stmt"/>
        <line num="35" count="1" type="stmt"/>
        <line num="36" count="1" type="stmt"/>
        <line num="39" count="86" type="stmt"/>
        <line num="40" count="1" type="stmt"/>
        <line num="41" count="1" type="stmt"/>
        <line num="44" count="86" type="stmt"/>
        <line num="45" count="1" type="stmt"/>
        <line num="46" count="1" type="stmt"/>
        <line num="49" count="86" type="stmt"/>
        <line num="50" count="1" type="stmt"/>
        <line num="51" count="1" type="stmt"/>
        <line num="54" count="86" type="stmt"/>
        <line num="55" count="1" type="stmt"/>
        <line num="56" count="1" type="stmt"/>
      </file>
    </package>
    <package name="src.module.asset">
      <metrics statements="206" coveredstatements="206" conditionals="214" coveredconditionals="205" methods="34" coveredmethods="34"/>
      <file name="asset.ts" path="/home/ulap206/@kor-protocol/core-sdk/src/module/asset/asset.ts">
        <metrics statements="206" coveredstatements="206" conditionals="214" coveredconditionals="205" methods="34" coveredmethods="34"/>
        <line num="1" count="7" type="stmt"/>
        <line num="2" count="7" type="stmt"/>
        <line num="5" count="7" type="stmt"/>
        <line num="6" count="7" type="stmt"/>
        <line num="8" count="7" type="stmt"/>
        <line num="28" count="5" type="stmt"/>
        <line num="32" count="5" type="cond" truecount="1" falsecount="0"/>
        <line num="33" count="3" type="stmt"/>
        <line num="34" count="3" type="stmt"/>
        <line num="36" count="2" type="cond" truecount="2" falsecount="0"/>
        <line num="37" count="1" type="stmt"/>
        <line num="39" count="1" type="stmt"/>
        <line num="60" count="4" type="stmt"/>
        <line num="61" count="4" type="cond" truecount="2" falsecount="0"/>
        <line num="62" count="2" type="cond" truecount="2" falsecount="0"/>
        <line num="63" count="1" type="stmt"/>
        <line num="65" count="1" type="stmt"/>
        <line num="67" count="2" type="cond" truecount="1" falsecount="0"/>
        <line num="68" count="2" type="cond" truecount="2" falsecount="0"/>
        <line num="69" count="1" type="stmt"/>
        <line num="71" count="1" type="stmt"/>
        <line num="74" count="4" type="stmt"/>
        <line num="88" count="3" type="stmt"/>
        <line num="89" count="3" type="cond" truecount="1" falsecount="0"/>
        <line num="90" count="3" type="stmt"/>
        <line num="91" count="3" type="stmt"/>
        <line num="96" count="1" type="stmt"/>
        <line num="97" count="1" type="stmt"/>
        <line num="100" count="2" type="stmt"/>
        <line num="101" count="2" type="stmt"/>
        <line num="112" count="4" type="cond" truecount="1" falsecount="0"/>
        <line num="113" count="1" type="stmt"/>
        <line num="115" count="3" type="stmt"/>
        <line num="116" count="3" type="stmt"/>
        <line num="125" count="1" type="stmt"/>
        <line num="126" count="1" type="stmt"/>
        <line num="127" count="1" type="stmt"/>
        <line num="129" count="2" type="cond" truecount="2" falsecount="0"/>
        <line num="134" count="4" type="cond" truecount="1" falsecount="0"/>
        <line num="135" count="1" type="stmt"/>
        <line num="137" count="3" type="stmt"/>
        <line num="138" count="3" type="stmt"/>
        <line num="147" count="1" type="stmt"/>
        <line num="148" count="1" type="stmt"/>
        <line num="152" count="2" type="cond" truecount="6" falsecount="0"/>
        <line num="157" count="8" type="stmt"/>
        <line num="158" count="8" type="stmt"/>
        <line num="159" count="8" type="stmt"/>
        <line num="170" count="5" type="stmt"/>
        <line num="171" count="5" type="stmt"/>
        <line num="172" count="5" type="cond" truecount="2" falsecount="0"/>
        <line num="173" count="3" type="stmt"/>
        <line num="178" count="3" type="stmt"/>
        <line num="180" count="3" type="stmt"/>
        <line num="189" count="2" type="cond" truecount="3" falsecount="1"/>
        <line num="191" count="3" type="stmt"/>
        <line num="193" count="5" type="cond" truecount="6" falsecount="0"/>
        <line num="198" count="5" type="stmt"/>
        <line num="199" count="5" type="stmt"/>
        <line num="200" count="5" type="stmt"/>
        <line num="201" count="5" type="stmt"/>
        <line num="208" count="5" type="stmt"/>
        <line num="209" count="5" type="stmt"/>
        <line num="210" count="5" type="stmt"/>
        <line num="211" count="5" type="stmt"/>
        <line num="222" count="3" type="cond" truecount="2" falsecount="0"/>
        <line num="223" count="1" type="stmt"/>
        <line num="224" count="1" type="stmt"/>
        <line num="230" count="1" type="cond" truecount="3" falsecount="1"/>
        <line num="231" count="1" type="stmt"/>
        <line num="237" count="1" type="stmt"/>
        <line num="239" count="2" type="stmt"/>
        <line num="240" count="2" type="cond" truecount="3" falsecount="1"/>
        <line num="244" count="1" type="stmt"/>
        <line num="245" count="1" type="stmt"/>
        <line num="247" count="4" type="cond" truecount="6" falsecount="0"/>
        <line num="251" count="86" type="stmt"/>
        <line num="252" count="9" type="stmt"/>
        <line num="256" count="8" type="stmt"/>
        <line num="262" count="8" type="stmt"/>
        <line num="270" count="2" type="stmt"/>
        <line num="271" count="2" type="cond" truecount="2" falsecount="0"/>
        <line num="272" count="1" type="stmt"/>
        <line num="273" count="1" type="stmt"/>
        <line num="275" count="1" type="stmt"/>
        <line num="276" count="1" type="stmt"/>
        <line num="281" count="3" type="stmt"/>
        <line num="285" count="3" type="stmt"/>
        <line num="286" count="3" type="cond" truecount="2" falsecount="0"/>
        <line num="287" count="2" type="stmt"/>
        <line num="289" count="1" type="stmt"/>
        <line num="292" count="3" type="stmt"/>
        <line num="304" count="4" type="stmt"/>
        <line num="305" count="4" type="stmt"/>
        <line num="306" count="4" type="stmt"/>
        <line num="307" count="4" type="stmt"/>
        <line num="308" count="4" type="stmt"/>
        <line num="312" count="4" type="stmt"/>
        <line num="314" count="4" type="stmt"/>
        <line num="315" count="4" type="stmt"/>
        <line num="318" count="4" type="stmt"/>
        <line num="321" count="4" type="stmt"/>
        <line num="322" count="4" type="stmt"/>
        <line num="328" count="3" type="cond" truecount="2" falsecount="0"/>
        <line num="329" count="1" type="stmt"/>
        <line num="331" count="1" type="stmt"/>
        <line num="339" count="1" type="stmt"/>
        <line num="340" count="1" type="stmt"/>
        <line num="341" count="1" type="stmt"/>
        <line num="343" count="2" type="stmt"/>
        <line num="344" count="2" type="cond" truecount="3" falsecount="1"/>
        <line num="347" count="3" type="stmt"/>
        <line num="348" count="3" type="cond" truecount="8" falsecount="0"/>
        <line num="356" count="7" type="stmt"/>
        <line num="357" count="7" type="stmt"/>
        <line num="358" count="7" type="stmt"/>
        <line num="359" count="7" type="stmt"/>
        <line num="363" count="7" type="stmt"/>
        <line num="366" count="7" type="stmt"/>
        <line num="369" count="7" type="stmt"/>
        <line num="370" count="7" type="stmt"/>
        <line num="385" count="4" type="stmt"/>
        <line num="387" count="4" type="cond" truecount="2" falsecount="0"/>
        <line num="388" count="3" type="stmt"/>
        <line num="390" count="3" type="stmt"/>
        <line num="396" count="3" type="stmt"/>
        <line num="399" count="1" type="stmt"/>
        <line num="400" count="1" type="stmt"/>
        <line num="402" count="3" type="stmt"/>
        <line num="404" count="4" type="cond" truecount="8" falsecount="0"/>
        <line num="416" count="86" type="stmt"/>
        <line num="418" count="6" type="stmt"/>
        <line num="419" count="6" type="stmt"/>
        <line num="420" count="6" type="cond" truecount="2" falsecount="0"/>
        <line num="421" count="5" type="stmt"/>
        <line num="429" count="3" type="stmt"/>
        <line num="430" count="3" type="cond" truecount="1" falsecount="0"/>
        <line num="431" count="1" type="stmt"/>
        <line num="434" count="2" type="stmt"/>
        <line num="446" count="1" type="stmt"/>
        <line num="447" count="1" type="stmt"/>
        <line num="448" count="1" type="stmt"/>
        <line num="450" count="1" type="stmt"/>
        <line num="453" count="5" type="cond" truecount="8" falsecount="0"/>
        <line num="457" count="86" type="stmt"/>
        <line num="460" count="5" type="stmt"/>
        <line num="461" count="5" type="stmt"/>
        <line num="462" count="5" type="cond" truecount="2" falsecount="0"/>
        <line num="463" count="4" type="stmt"/>
        <line num="467" count="4" type="stmt"/>
        <line num="468" count="4" type="stmt"/>
        <line num="469" count="4" type="stmt"/>
        <line num="470" count="4" type="stmt"/>
        <line num="481" count="3" type="cond" truecount="2" falsecount="0"/>
        <line num="482" count="1" type="stmt"/>
        <line num="483" count="1" type="stmt"/>
        <line num="488" count="1" type="stmt"/>
        <line num="491" count="2" type="stmt"/>
        <line num="492" count="2" type="stmt"/>
        <line num="494" count="1" type="stmt"/>
        <line num="496" count="1" type="stmt"/>
        <line num="499" count="4" type="cond" truecount="4" falsecount="0"/>
        <line num="509" count="86" type="stmt"/>
        <line num="510" count="5" type="stmt"/>
        <line num="511" count="5" type="stmt"/>
        <line num="512" count="5" type="stmt"/>
        <line num="513" count="5" type="stmt"/>
        <line num="519" count="5" type="stmt"/>
        <line num="520" count="4" type="cond" truecount="1" falsecount="0"/>
        <line num="521" count="1" type="cond" truecount="3" falsecount="1"/>
        <line num="524" count="3" type="stmt"/>
        <line num="532" count="1" type="stmt"/>
        <line num="533" count="1" type="stmt"/>
        <line num="534" count="1" type="stmt"/>
        <line num="542" count="1" type="stmt"/>
        <line num="544" count="4" type="cond" truecount="6" falsecount="0"/>
        <line num="548" count="86" type="stmt"/>
        <line num="549" count="5" type="stmt"/>
        <line num="550" count="5" type="stmt"/>
        <line num="551" count="5" type="stmt"/>
        <line num="552" count="5" type="stmt"/>
        <line num="553" count="7" type="cond" truecount="2" falsecount="0"/>
        <line num="556" count="7" type="stmt"/>
        <line num="560" count="7" type="stmt"/>
        <line num="561" count="7" type="stmt"/>
        <line num="563" count="5" type="stmt"/>
        <line num="566" count="5" type="stmt"/>
        <line num="567" count="5" type="stmt"/>
        <line num="573" count="4" type="cond" truecount="2" falsecount="0"/>
        <line num="574" count="3" type="stmt"/>
        <line num="576" count="3" type="stmt"/>
        <line num="584" count="2" type="stmt"/>
        <line num="585" count="2" type="stmt"/>
        <line num="586" count="4" type="stmt"/>
        <line num="592" count="2" type="stmt"/>
        <line num="593" count="2" type="stmt"/>
        <line num="595" count="1" type="stmt"/>
        <line num="596" count="1" type="stmt"/>
        <line num="599" count="3" type="cond" truecount="6" falsecount="0"/>
        <line num="603" count="86" type="stmt"/>
        <line num="612" count="3" type="stmt"/>
        <line num="613" count="3" type="stmt"/>
        <line num="614" count="3" type="stmt"/>
        <line num="622" count="2" type="cond" truecount="1" falsecount="0"/>
        <line num="623" count="1" type="stmt"/>
        <line num="626" count="1" type="stmt"/>
      </file>
    </package>
    <package name="src.module.ip-module">
      <metrics statements="22" coveredstatements="14" conditionals="26" coveredconditionals="10" methods="2" coveredmethods="1"/>
      <file name="index.ts" path="/home/ulap206/@kor-protocol/core-sdk/src/module/ip-module/index.ts">
        <metrics statements="22" coveredstatements="14" conditionals="26" coveredconditionals="10" methods="2" coveredmethods="1"/>
        <line num="1" count="4" type="stmt"/>
        <line num="2" count="4" type="stmt"/>
        <line num="4" count="4" type="stmt"/>
        <line num="5" count="4" type="stmt"/>
        <line num="6" count="4" type="stmt"/>
        <line num="8" count="4" type="stmt"/>
        <line num="10" count="2" type="stmt"/>
        <line num="18" count="2" type="cond" truecount="1" falsecount="0"/>
        <line num="19" count="1" type="stmt"/>
        <line num="20" count="1" type="stmt"/>
        <line num="26" count="1" type="stmt"/>
        <line num="27" count="1" type="stmt"/>
        <line num="32" count="1" type="stmt"/>
        <line num="35" count="1" type="cond" truecount="3" falsecount="1"/>
        <line num="39" count="0" type="stmt"/>
        <line num="47" count="0" type="cond" truecount="0" falsecount="1"/>
        <line num="48" count="0" type="stmt"/>
        <line num="49" count="0" type="stmt"/>
        <line num="55" count="0" type="stmt"/>
        <line num="56" count="0" type="stmt"/>
        <line num="61" count="0" type="stmt"/>
        <line num="64" count="0" type="cond" truecount="0" falsecount="4"/>
      </file>
    </package>
    <package name="src.module.nft-module">
      <metrics statements="48" coveredstatements="7" conditionals="65" coveredconditionals="0" methods="5" coveredmethods="0"/>
      <file name="index.ts" path="/home/ulap206/@kor-protocol/core-sdk/src/module/nft-module/index.ts">
        <metrics statements="48" coveredstatements="7" conditionals="65" coveredconditionals="0" methods="5" coveredmethods="0"/>
        <line num="1" count="3" type="stmt"/>
        <line num="2" count="3" type="stmt"/>
        <line num="3" count="3" type="stmt"/>
        <line num="11" count="3" type="stmt"/>
        <line num="12" count="3" type="stmt"/>
        <line num="13" count="3" type="stmt"/>
        <line num="15" count="3" type="stmt"/>
        <line num="17" count="0" type="stmt"/>
        <line num="25" count="0" type="stmt"/>
        <line num="26" count="0" type="cond" truecount="0" falsecount="1"/>
        <line num="27" count="0" type="stmt"/>
        <line num="28" count="0" type="stmt"/>
        <line num="34" count="0" type="stmt"/>
        <line num="35" count="0" type="stmt"/>
        <line num="40" count="0" type="stmt"/>
        <line num="43" count="0" type="cond" truecount="0" falsecount="4"/>
        <line num="47" count="0" type="stmt"/>
        <line num="55" count="0" type="cond" truecount="0" falsecount="1"/>
        <line num="56" count="0" type="stmt"/>
        <line num="57" count="0" type="stmt"/>
        <line num="63" count="0" type="stmt"/>
        <line num="64" count="0" type="stmt"/>
        <line num="69" count="0" type="stmt"/>
        <line num="72" count="0" type="cond" truecount="0" falsecount="4"/>
        <line num="76" count="0" type="stmt"/>
        <line num="84" count="0" type="cond" truecount="0" falsecount="1"/>
        <line num="85" count="0" type="stmt"/>
        <line num="86" count="0" type="stmt"/>
        <line num="92" count="0" type="stmt"/>
        <line num="93" count="0" type="stmt"/>
        <line num="98" count="0" type="stmt"/>
        <line num="101" count="0" type="cond" truecount="0" falsecount="4"/>
        <line num="105" count="0" type="stmt"/>
        <line num="113" count="0" type="cond" truecount="0" falsecount="1"/>
        <line num="114" count="0" type="stmt"/>
        <line num="115" count="0" type="stmt"/>
        <line num="121" count="0" type="stmt"/>
        <line num="122" count="0" type="stmt"/>
        <line num="127" count="0" type="stmt"/>
        <line num="130" count="0" type="cond" truecount="0" falsecount="4"/>
        <line num="134" count="0" type="stmt"/>
        <line num="142" count="0" type="cond" truecount="0" falsecount="1"/>
        <line num="143" count="0" type="stmt"/>
        <line num="145" count="0" type="stmt"/>
        <line num="152" count="0" type="stmt"/>
        <line num="153" count="0" type="stmt"/>
        <line num="158" count="0" type="stmt"/>
        <line num="161" count="0" type="cond" truecount="0" falsecount="4"/>
      </file>
    </package>
    <package name="src.utils">
      <metrics statements="18" coveredstatements="0" conditionals="3" coveredconditionals="0" methods="5" coveredmethods="0"/>
      <file name="index.ts" path="/home/ulap206/@kor-protocol/core-sdk/src/utils/index.ts">
        <metrics statements="18" coveredstatements="0" conditionals="3" coveredconditionals="0" methods="5" coveredmethods="0"/>
        <line num="1" count="0" type="stmt"/>
        <line num="2" count="0" type="stmt"/>
        <line num="4" count="0" type="stmt"/>
        <line num="6" count="0" type="stmt"/>
        <line num="8" count="0" type="stmt"/>
        <line num="9" count="0" type="stmt"/>
        <line num="12" count="0" type="stmt"/>
        <line num="14" count="0" type="stmt"/>
        <line num="15" count="0" type="stmt"/>
        <line num="17" count="0" type="stmt"/>
        <line num="18" count="0" type="cond" truecount="0" falsecount="1"/>
        <line num="19" count="0" type="stmt"/>
        <line num="21" count="0" type="cond" truecount="0" falsecount="1"/>
        <line num="22" count="0" type="stmt"/>
        <line num="26" count="0" type="stmt"/>
        <line num="30" count="0" type="cond" truecount="0" falsecount="1"/>
        <line num="31" count="0" type="stmt"/>
        <line num="37" count="0" type="stmt"/>
      </file>
    </package>
  </project>
</coverage>
