{"/home/ulap206/@kor-protocol/core-sdk/src/main.ts": {"path":"/home/ulap206/@kor-protocol/core-sdk/src/main.ts","statementMap":{"0":{"start":{"line":1,"column":0},"end":{"line":1,"column":86}},"1":{"start":{"line":2,"column":0},"end":{"line":2,"column":37}},"2":{"start":{"line":4,"column":0},"end":{"line":4,"column":50}},"3":{"start":{"line":5,"column":0},"end":{"line":5,"column":47}},"4":{"start":{"line":6,"column":0},"end":{"line":6,"column":43}},"5":{"start":{"line":7,"column":0},"end":{"line":7,"column":9}},"6":{"start":{"line":67,"column":9},"end":{"line":7,"column":40}},"7":{"start":{"line":16,"column":16},"end":{"line":16,"column":25}},"8":{"start":{"line":19,"column":13},"end":{"line":19,"column":15}},"9":{"start":{"line":20,"column":19},"end":{"line":20,"column":21}},"10":{"start":{"line":21,"column":25},"end":{"line":21,"column":37}},"11":{"start":{"line":21,"column":31},"end":{"line":21,"column":37}},"12":{"start":{"line":21,"column":13},"end":{"line":21,"column":25}},"13":{"start":{"line":23,"column":31},"end":{"line":23,"column":49}},"14":{"start":{"line":23,"column":37},"end":{"line":23,"column":49}},"15":{"start":{"line":23,"column":13},"end":{"line":23,"column":31}},"16":{"start":{"line":25,"column":22},"end":{"line":25,"column":34}},"17":{"start":{"line":25,"column":28},"end":{"line":25,"column":34}},"18":{"start":{"line":25,"column":13},"end":{"line":25,"column":22}},"19":{"start":{"line":27,"column":31},"end":{"line":27,"column":49}},"20":{"start":{"line":27,"column":37},"end":{"line":27,"column":49}},"21":{"start":{"line":27,"column":13},"end":{"line":27,"column":31}},"22":{"start":{"line":29,"column":26},"end":{"line":52,"column":2}},"23":{"start":{"line":37,"column":4},"end":{"line":52,"column":2}},"24":{"start":{"line":38,"column":2},"end":{"line":38,"column":15}},"25":{"start":{"line":39,"column":2},"end":{"line":41,"column":3}},"26":{"start":{"line":40,"column":4},"end":{"line":40,"column":22}},"27":{"start":{"line":42,"column":25},"end":{"line":42,"column":82}},"28":{"start":{"line":43,"column":14},"end":{"line":43,"column":97}},"29":{"start":{"line":44,"column":2},"end":{"line":44,"column":36}},"30":{"start":{"line":45,"column":27},"end":{"line":45,"column":43}},"31":{"start":{"line":46,"column":2},"end":{"line":51,"column":3}},"32":{"start":{"line":47,"column":4},"end":{"line":47,"column":55}},"33":{"start":{"line":48,"column":4},"end":{"line":48,"column":22}},"34":{"start":{"line":50,"column":4},"end":{"line":50,"column":63}},"35":{"start":{"line":29,"column":13},"end":{"line":29,"column":26}},"36":{"start":{"line":54,"column":24},"end":{"line":62,"column":2}},"37":{"start":{"line":54,"column":63},"end":{"line":62,"column":2}},"38":{"start":{"line":55,"column":2},"end":{"line":61,"column":5}},"39":{"start":{"line":69,"column":0},"end":{"line":69,"column":25}}},"fnMap":{"0":{"name":"(anonymous_11)","decl":{"start":{"line":67,"column":9},"end":{"line":67,"column":22}},"loc":{"start":{"line":67,"column":9},"end":{"line":7,"column":40}}},"1":{"name":"(anonymous_12)","decl":{"start":{"line":21,"column":25},"end":{"line":21,"column":28}},"loc":{"start":{"line":21,"column":31},"end":{"line":21,"column":37}}},"2":{"name":"(anonymous_13)","decl":{"start":{"line":23,"column":31},"end":{"line":23,"column":34}},"loc":{"start":{"line":23,"column":37},"end":{"line":23,"column":49}}},"3":{"name":"(anonymous_14)","decl":{"start":{"line":25,"column":22},"end":{"line":25,"column":25}},"loc":{"start":{"line":25,"column":28},"end":{"line":25,"column":34}}},"4":{"name":"(anonymous_15)","decl":{"start":{"line":27,"column":31},"end":{"line":27,"column":34}},"loc":{"start":{"line":27,"column":37},"end":{"line":27,"column":49}}},"5":{"name":"(anonymous_16)","decl":{"start":{"line":29,"column":26},"end":{"line":29,"column":null}},"loc":{"start":{"line":37,"column":4},"end":{"line":52,"column":2}}},"6":{"name":"(anonymous_17)","decl":{"start":{"line":37,"column":4},"end":{"line":37,"column":null}},"loc":{"start":{"line":36,"column":79},"end":{"line":52,"column":1}}},"7":{"name":"(anonymous_18)","decl":{"start":{"line":54,"column":24},"end":{"line":54,"column":31}},"loc":{"start":{"line":54,"column":63},"end":{"line":62,"column":2}}},"8":{"name":"(anonymous_19)","decl":{"start":{"line":54,"column":63},"end":{"line":54,"column":null}},"loc":{"start":{"line":54,"column":63},"end":{"line":62,"column":1}}}},"branchMap":{"0":{"loc":{"start":{"line":39,"column":2},"end":{"line":41,"column":3}},"type":"if","locations":[{"start":{"line":39,"column":2},"end":{"line":41,"column":3}}]},"1":{"loc":{"start":{"line":42,"column":25},"end":{"line":42,"column":82}},"type":"cond-expr","locations":[{"start":{"line":42,"column":42},"end":{"line":42,"column":77}},{"start":{"line":42,"column":80},"end":{"line":42,"column":82}}]},"2":{"loc":{"start":{"line":46,"column":2},"end":{"line":51,"column":3}},"type":"if","locations":[{"start":{"line":46,"column":2},"end":{"line":51,"column":3}},{"start":{"line":49,"column":9},"end":{"line":51,"column":3}}]},"3":{"loc":{"start":{"line":47,"column":19},"end":{"line":47,"column":54}},"type":"cond-expr","locations":[{"start":{"line":47,"column":48},"end":{"line":47,"column":52}},{"start":{"line":47,"column":52},"end":{"line":47,"column":54}}]},"4":{"loc":{"start":{"line":47,"column":19},"end":{"line":47,"column":52}},"type":"binary-expr","locations":[{"start":{"line":47,"column":19},"end":{"line":47,"column":52}},{"start":{"line":47,"column":48},"end":{"line":47,"column":52}}]},"5":{"loc":{"start":{"line":50,"column":20},"end":{"line":50,"column":61}},"type":"cond-expr","locations":[{"start":{"line":50,"column":44},"end":{"line":50,"column":48}},{"start":{"line":50,"column":48},"end":{"line":50,"column":61}}]},"6":{"loc":{"start":{"line":50,"column":20},"end":{"line":50,"column":48}},"type":"binary-expr","locations":[{"start":{"line":50,"column":20},"end":{"line":50,"column":48}},{"start":{"line":50,"column":44},"end":{"line":50,"column":48}}]}},"s":{"0":10,"1":10,"2":10,"3":10,"4":10,"5":10,"6":10,"7":10,"8":10,"9":10,"10":10,"11":66,"12":10,"13":10,"14":1,"15":10,"16":10,"17":2,"18":10,"19":10,"20":0,"21":10,"22":10,"23":6,"24":6,"25":6,"26":1,"27":6,"28":6,"29":6,"30":6,"31":6,"32":5,"33":5,"34":1,"35":10,"36":10,"37":6,"38":6,"39":10},"f":{"0":0,"1":66,"2":1,"3":2,"4":0,"5":6,"6":6,"7":6,"8":6},"b":{"0":[1],"1":[0,6],"2":[5,1],"3":[0,5],"4":[5,5],"5":[0,1],"6":[1,1]}}
,"/home/ulap206/@kor-protocol/core-sdk/src/vite-env.d.ts": {"path":"/home/ulap206/@kor-protocol/core-sdk/src/vite-env.d.ts","statementMap":{},"fnMap":{},"branchMap":{},"s":{},"f":{},"b":{}}
,"/home/ulap206/@kor-protocol/core-sdk/src/abis/conflict-module.ts": {"path":"/home/ulap206/@kor-protocol/core-sdk/src/abis/conflict-module.ts","statementMap":{"0":{"start":{"line":1,"column":13},"end":{"line":427,"column":2}}},"fnMap":{},"branchMap":{},"s":{"0":10},"f":{},"b":{}}
,"/home/ulap206/@kor-protocol/core-sdk/src/abis/ip-module.ts": {"path":"/home/ulap206/@kor-protocol/core-sdk/src/abis/ip-module.ts","statementMap":{"0":{"start":{"line":1,"column":13},"end":{"line":438,"column":2}}},"fnMap":{},"branchMap":{},"s":{"0":8},"f":{},"b":{}}
,"/home/ulap206/@kor-protocol/core-sdk/src/abis/license-module.ts": {"path":"/home/ulap206/@kor-protocol/core-sdk/src/abis/license-module.ts","statementMap":{"0":{"start":{"line":1,"column":13},"end":{"line":434,"column":2}}},"fnMap":{},"branchMap":{},"s":{"0":8},"f":{},"b":{}}
,"/home/ulap206/@kor-protocol/core-sdk/src/abis/nft-module.ts": {"path":"/home/ulap206/@kor-protocol/core-sdk/src/abis/nft-module.ts","statementMap":{"0":{"start":{"line":1,"column":13},"end":{"line":316,"column":2}},"1":{"start":{"line":318,"column":13},"end":{"line":332,"column":2}}},"fnMap":{},"branchMap":{},"s":{"0":5,"1":5},"f":{},"b":{}}
,"/home/ulap206/@kor-protocol/core-sdk/src/abis/rev-token.ts": {"path":"/home/ulap206/@kor-protocol/core-sdk/src/abis/rev-token.ts","statementMap":{"0":{"start":{"line":1,"column":13},"end":{"line":147,"column":2}}},"fnMap":{},"branchMap":{},"s":{"0":11},"f":{},"b":{}}
,"/home/ulap206/@kor-protocol/core-sdk/src/abis/royalty-distribution-module.ts": {"path":"/home/ulap206/@kor-protocol/core-sdk/src/abis/royalty-distribution-module.ts","statementMap":{"0":{"start":{"line":1,"column":13},"end":{"line":269,"column":2}}},"fnMap":{},"branchMap":{},"s":{"0":7},"f":{},"b":{}}
,"/home/ulap206/@kor-protocol/core-sdk/src/enums/index.ts": {"path":"/home/ulap206/@kor-protocol/core-sdk/src/enums/index.ts","statementMap":{"0":{"start":{"line":1,"column":0},"end":{"line":1,"column":null}},"1":{"start":{"line":2,"column":2},"end":{"line":2,"column":null}},"2":{"start":{"line":3,"column":2},"end":{"line":3,"column":null}},"3":{"start":{"line":4,"column":2},"end":{"line":4,"column":null}}},"fnMap":{"0":{"name":"(anonymous_0)","decl":{"start":{"line":1,"column":0},"end":{"line":1,"column":12}},"loc":{"start":{"line":1,"column":25},"end":{"line":5,"column":1}}}},"branchMap":{"0":{"loc":{"start":{"line":1,"column":12},"end":{"line":1,"column":null}},"type":"binary-expr","locations":[{"start":{"line":1,"column":12},"end":{"line":1,"column":25}},{"start":{"line":1,"column":25},"end":{"line":1,"column":null}}]}},"s":{"0":10,"1":10,"2":10,"3":10},"f":{"0":10},"b":{"0":[10,10]}}
,"/home/ulap206/@kor-protocol/core-sdk/src/module/base.ts": {"path":"/home/ulap206/@kor-protocol/core-sdk/src/module/base.ts","statementMap":{"0":{"start":{"line":21,"column":0},"end":{"line":21,"column":38}},"1":{"start":{"line":22,"column":0},"end":{"line":22,"column":46}},"2":{"start":{"line":23,"column":0},"end":{"line":23,"column":41}},"3":{"start":{"line":24,"column":0},"end":{"line":24,"column":52}},"4":{"start":{"line":25,"column":0},"end":{"line":25,"column":49}},"5":{"start":{"line":26,"column":0},"end":{"line":26,"column":67}},"6":{"start":{"line":27,"column":0},"end":{"line":27,"column":51}},"7":{"start":{"line":36,"column":4},"end":{"line":36,"column":12}},"8":{"start":{"line":30,"column":19},"end":{"line":30,"column":null}},"9":{"start":{"line":31,"column":19},"end":{"line":31,"column":null}},"10":{"start":{"line":32,"column":19},"end":{"line":32,"column":null}},"11":{"start":{"line":33,"column":19},"end":{"line":33,"column":null}},"12":{"start":{"line":34,"column":19},"end":{"line":34,"column":null}},"13":{"start":{"line":44,"column":2},"end":{"line":47,"column":null}},"14":{"start":{"line":44,"column":55},"end":{"line":47,"column":4}},"15":{"start":{"line":45,"column":24},"end":{"line":45,"column":56}},"16":{"start":{"line":46,"column":4},"end":{"line":46,"column":64}},"17":{"start":{"line":49,"column":2},"end":{"line":52,"column":null}},"18":{"start":{"line":49,"column":59},"end":{"line":52,"column":4}},"19":{"start":{"line":50,"column":24},"end":{"line":50,"column":56}},"20":{"start":{"line":51,"column":4},"end":{"line":51,"column":66}},"21":{"start":{"line":54,"column":2},"end":{"line":57,"column":null}},"22":{"start":{"line":54,"column":59},"end":{"line":57,"column":4}},"23":{"start":{"line":55,"column":24},"end":{"line":55,"column":56}},"24":{"start":{"line":56,"column":4},"end":{"line":56,"column":66}},"25":{"start":{"line":59,"column":2},"end":{"line":62,"column":null}},"26":{"start":{"line":59,"column":75},"end":{"line":62,"column":4}},"27":{"start":{"line":60,"column":24},"end":{"line":60,"column":56}},"28":{"start":{"line":61,"column":4},"end":{"line":61,"column":74}},"29":{"start":{"line":64,"column":2},"end":{"line":67,"column":null}},"30":{"start":{"line":64,"column":67},"end":{"line":67,"column":4}},"31":{"start":{"line":65,"column":24},"end":{"line":65,"column":56}},"32":{"start":{"line":66,"column":4},"end":{"line":66,"column":70}},"33":{"start":{"line":69,"column":2},"end":{"line":72,"column":null}},"34":{"start":{"line":69,"column":45},"end":{"line":72,"column":4}},"35":{"start":{"line":70,"column":24},"end":{"line":70,"column":56}},"36":{"start":{"line":71,"column":4},"end":{"line":71,"column":58}},"37":{"start":{"line":74,"column":2},"end":{"line":77,"column":null}},"38":{"start":{"line":74,"column":58},"end":{"line":77,"column":4}},"39":{"start":{"line":75,"column":24},"end":{"line":75,"column":56}},"40":{"start":{"line":76,"column":4},"end":{"line":76,"column":64}},"41":{"start":{"line":79,"column":2},"end":{"line":82,"column":null}},"42":{"start":{"line":79,"column":39},"end":{"line":82,"column":4}},"43":{"start":{"line":80,"column":4},"end":{"line":80,"column":37}},"44":{"start":{"line":81,"column":4},"end":{"line":81,"column":46}},"45":{"start":{"line":84,"column":2},"end":{"line":87,"column":null}},"46":{"start":{"line":84,"column":93},"end":{"line":87,"column":4}},"47":{"start":{"line":85,"column":24},"end":{"line":85,"column":56}},"48":{"start":{"line":86,"column":4},"end":{"line":86,"column":80}},"49":{"start":{"line":89,"column":2},"end":{"line":92,"column":null}},"50":{"start":{"line":89,"column":95},"end":{"line":92,"column":4}},"51":{"start":{"line":90,"column":24},"end":{"line":90,"column":56}},"52":{"start":{"line":91,"column":4},"end":{"line":91,"column":81}},"53":{"start":{"line":94,"column":2},"end":{"line":97,"column":null}},"54":{"start":{"line":94,"column":65},"end":{"line":97,"column":4}},"55":{"start":{"line":95,"column":24},"end":{"line":95,"column":56}},"56":{"start":{"line":96,"column":4},"end":{"line":96,"column":73}},"57":{"start":{"line":99,"column":2},"end":{"line":102,"column":null}},"58":{"start":{"line":99,"column":54},"end":{"line":102,"column":4}},"59":{"start":{"line":100,"column":24},"end":{"line":100,"column":56}},"60":{"start":{"line":101,"column":4},"end":{"line":101,"column":70}},"61":{"start":{"line":104,"column":2},"end":{"line":107,"column":null}},"62":{"start":{"line":104,"column":55},"end":{"line":107,"column":4}},"63":{"start":{"line":105,"column":24},"end":{"line":105,"column":56}},"64":{"start":{"line":106,"column":4},"end":{"line":106,"column":71}},"65":{"start":{"line":109,"column":2},"end":{"line":112,"column":null}},"66":{"start":{"line":109,"column":57},"end":{"line":112,"column":4}},"67":{"start":{"line":110,"column":24},"end":{"line":110,"column":56}},"68":{"start":{"line":111,"column":4},"end":{"line":111,"column":73}},"69":{"start":{"line":114,"column":2},"end":{"line":117,"column":null}},"70":{"start":{"line":114,"column":54},"end":{"line":117,"column":4}},"71":{"start":{"line":115,"column":24},"end":{"line":115,"column":56}},"72":{"start":{"line":116,"column":4},"end":{"line":116,"column":70}},"73":{"start":{"line":119,"column":2},"end":{"line":122,"column":null}},"74":{"start":{"line":119,"column":55},"end":{"line":122,"column":4}},"75":{"start":{"line":120,"column":24},"end":{"line":120,"column":56}},"76":{"start":{"line":121,"column":4},"end":{"line":121,"column":71}},"77":{"start":{"line":124,"column":2},"end":{"line":127,"column":null}},"78":{"start":{"line":124,"column":52},"end":{"line":127,"column":4}},"79":{"start":{"line":125,"column":4},"end":{"line":125,"column":37}},"80":{"start":{"line":126,"column":4},"end":{"line":126,"column":55}},"81":{"start":{"line":129,"column":2},"end":{"line":132,"column":null}},"82":{"start":{"line":129,"column":53},"end":{"line":132,"column":4}},"83":{"start":{"line":130,"column":24},"end":{"line":130,"column":56}},"84":{"start":{"line":131,"column":4},"end":{"line":131,"column":79}},"85":{"start":{"line":134,"column":2},"end":{"line":137,"column":null}},"86":{"start":{"line":134,"column":43},"end":{"line":137,"column":4}},"87":{"start":{"line":135,"column":24},"end":{"line":135,"column":56}},"88":{"start":{"line":136,"column":4},"end":{"line":136,"column":74}},"89":{"start":{"line":139,"column":2},"end":{"line":142,"column":null}},"90":{"start":{"line":139,"column":51},"end":{"line":142,"column":4}},"91":{"start":{"line":140,"column":24},"end":{"line":140,"column":56}},"92":{"start":{"line":141,"column":4},"end":{"line":141,"column":78}},"93":{"start":{"line":144,"column":2},"end":{"line":147,"column":null}},"94":{"start":{"line":144,"column":49},"end":{"line":147,"column":4}},"95":{"start":{"line":145,"column":24},"end":{"line":145,"column":56}},"96":{"start":{"line":146,"column":4},"end":{"line":146,"column":66}},"97":{"start":{"line":149,"column":2},"end":{"line":152,"column":null}},"98":{"start":{"line":149,"column":53},"end":{"line":152,"column":4}},"99":{"start":{"line":150,"column":24},"end":{"line":150,"column":56}},"100":{"start":{"line":151,"column":4},"end":{"line":151,"column":68}},"101":{"start":{"line":154,"column":2},"end":{"line":157,"column":null}},"102":{"start":{"line":154,"column":51},"end":{"line":157,"column":4}},"103":{"start":{"line":155,"column":24},"end":{"line":155,"column":56}},"104":{"start":{"line":156,"column":4},"end":{"line":156,"column":67}},"105":{"start":{"line":37,"column":4},"end":{"line":37,"column":37}},"106":{"start":{"line":38,"column":4},"end":{"line":38,"column":42}},"107":{"start":{"line":39,"column":4},"end":{"line":39,"column":52}},"108":{"start":{"line":40,"column":4},"end":{"line":40,"column":69}},"109":{"start":{"line":41,"column":4},"end":{"line":41,"column":47}},"110":{"start":{"line":29,"column":0},"end":{"line":29,"column":13}}},"fnMap":{"0":{"name":"(anonymous_7)","decl":{"start":{"line":35,"column":2},"end":{"line":35,"column":null}},"loc":{"start":{"line":35,"column":2},"end":{"line":42,"column":3}}},"1":{"name":"(anonymous_8)","decl":{"start":{"line":44,"column":21},"end":{"line":44,"column":28}},"loc":{"start":{"line":44,"column":55},"end":{"line":47,"column":4}}},"2":{"name":"(anonymous_9)","decl":{"start":{"line":44,"column":55},"end":{"line":44,"column":null}},"loc":{"start":{"line":44,"column":55},"end":{"line":47,"column":3}}},"3":{"name":"(anonymous_10)","decl":{"start":{"line":49,"column":23},"end":{"line":49,"column":30}},"loc":{"start":{"line":49,"column":59},"end":{"line":52,"column":4}}},"4":{"name":"(anonymous_11)","decl":{"start":{"line":49,"column":59},"end":{"line":49,"column":null}},"loc":{"start":{"line":49,"column":59},"end":{"line":52,"column":3}}},"5":{"name":"(anonymous_12)","decl":{"start":{"line":54,"column":23},"end":{"line":54,"column":30}},"loc":{"start":{"line":54,"column":59},"end":{"line":57,"column":4}}},"6":{"name":"(anonymous_13)","decl":{"start":{"line":54,"column":59},"end":{"line":54,"column":null}},"loc":{"start":{"line":54,"column":59},"end":{"line":57,"column":3}}},"7":{"name":"(anonymous_14)","decl":{"start":{"line":59,"column":31},"end":{"line":59,"column":38}},"loc":{"start":{"line":59,"column":75},"end":{"line":62,"column":4}}},"8":{"name":"(anonymous_15)","decl":{"start":{"line":59,"column":75},"end":{"line":59,"column":null}},"loc":{"start":{"line":59,"column":75},"end":{"line":62,"column":3}}},"9":{"name":"(anonymous_16)","decl":{"start":{"line":64,"column":27},"end":{"line":64,"column":34}},"loc":{"start":{"line":64,"column":67},"end":{"line":67,"column":4}}},"10":{"name":"(anonymous_17)","decl":{"start":{"line":64,"column":67},"end":{"line":64,"column":null}},"loc":{"start":{"line":64,"column":67},"end":{"line":67,"column":3}}},"11":{"name":"(anonymous_18)","decl":{"start":{"line":69,"column":16},"end":{"line":69,"column":23}},"loc":{"start":{"line":69,"column":45},"end":{"line":72,"column":4}}},"12":{"name":"(anonymous_19)","decl":{"start":{"line":69,"column":45},"end":{"line":69,"column":null}},"loc":{"start":{"line":69,"column":45},"end":{"line":72,"column":3}}},"13":{"name":"(anonymous_20)","decl":{"start":{"line":74,"column":22},"end":{"line":74,"column":29}},"loc":{"start":{"line":74,"column":58},"end":{"line":77,"column":4}}},"14":{"name":"(anonymous_21)","decl":{"start":{"line":74,"column":58},"end":{"line":74,"column":null}},"loc":{"start":{"line":74,"column":58},"end":{"line":77,"column":3}}},"15":{"name":"(anonymous_22)","decl":{"start":{"line":79,"column":13},"end":{"line":79,"column":20}},"loc":{"start":{"line":79,"column":39},"end":{"line":82,"column":4}}},"16":{"name":"(anonymous_23)","decl":{"start":{"line":79,"column":39},"end":{"line":79,"column":null}},"loc":{"start":{"line":79,"column":39},"end":{"line":82,"column":3}}},"17":{"name":"(anonymous_24)","decl":{"start":{"line":84,"column":23},"end":{"line":84,"column":30}},"loc":{"start":{"line":84,"column":93},"end":{"line":87,"column":4}}},"18":{"name":"(anonymous_25)","decl":{"start":{"line":84,"column":93},"end":{"line":84,"column":null}},"loc":{"start":{"line":84,"column":93},"end":{"line":87,"column":3}}},"19":{"name":"(anonymous_26)","decl":{"start":{"line":89,"column":24},"end":{"line":89,"column":31}},"loc":{"start":{"line":89,"column":95},"end":{"line":92,"column":4}}},"20":{"name":"(anonymous_27)","decl":{"start":{"line":89,"column":95},"end":{"line":89,"column":null}},"loc":{"start":{"line":89,"column":95},"end":{"line":92,"column":3}}},"21":{"name":"(anonymous_28)","decl":{"start":{"line":94,"column":26},"end":{"line":94,"column":33}},"loc":{"start":{"line":94,"column":65},"end":{"line":97,"column":4}}},"22":{"name":"(anonymous_29)","decl":{"start":{"line":94,"column":65},"end":{"line":94,"column":null}},"loc":{"start":{"line":94,"column":65},"end":{"line":97,"column":3}}},"23":{"name":"(anonymous_30)","decl":{"start":{"line":99,"column":23},"end":{"line":99,"column":30}},"loc":{"start":{"line":99,"column":54},"end":{"line":102,"column":4}}},"24":{"name":"(anonymous_31)","decl":{"start":{"line":99,"column":54},"end":{"line":99,"column":null}},"loc":{"start":{"line":99,"column":54},"end":{"line":102,"column":3}}},"25":{"name":"(anonymous_32)","decl":{"start":{"line":104,"column":24},"end":{"line":104,"column":31}},"loc":{"start":{"line":104,"column":55},"end":{"line":107,"column":4}}},"26":{"name":"(anonymous_33)","decl":{"start":{"line":104,"column":55},"end":{"line":104,"column":null}},"loc":{"start":{"line":104,"column":55},"end":{"line":107,"column":3}}},"27":{"name":"(anonymous_34)","decl":{"start":{"line":109,"column":26},"end":{"line":109,"column":33}},"loc":{"start":{"line":109,"column":57},"end":{"line":112,"column":4}}},"28":{"name":"(anonymous_35)","decl":{"start":{"line":109,"column":57},"end":{"line":109,"column":null}},"loc":{"start":{"line":109,"column":57},"end":{"line":112,"column":3}}},"29":{"name":"(anonymous_36)","decl":{"start":{"line":114,"column":23},"end":{"line":114,"column":30}},"loc":{"start":{"line":114,"column":54},"end":{"line":117,"column":4}}},"30":{"name":"(anonymous_37)","decl":{"start":{"line":114,"column":54},"end":{"line":114,"column":null}},"loc":{"start":{"line":114,"column":54},"end":{"line":117,"column":3}}},"31":{"name":"(anonymous_38)","decl":{"start":{"line":119,"column":24},"end":{"line":119,"column":31}},"loc":{"start":{"line":119,"column":55},"end":{"line":122,"column":4}}},"32":{"name":"(anonymous_39)","decl":{"start":{"line":119,"column":55},"end":{"line":119,"column":null}},"loc":{"start":{"line":119,"column":55},"end":{"line":122,"column":3}}},"33":{"name":"(anonymous_40)","decl":{"start":{"line":124,"column":18},"end":{"line":124,"column":25}},"loc":{"start":{"line":124,"column":52},"end":{"line":127,"column":4}}},"34":{"name":"(anonymous_41)","decl":{"start":{"line":124,"column":52},"end":{"line":124,"column":null}},"loc":{"start":{"line":124,"column":52},"end":{"line":127,"column":3}}},"35":{"name":"(anonymous_42)","decl":{"start":{"line":129,"column":20},"end":{"line":129,"column":27}},"loc":{"start":{"line":129,"column":53},"end":{"line":132,"column":4}}},"36":{"name":"(anonymous_43)","decl":{"start":{"line":129,"column":53},"end":{"line":129,"column":null}},"loc":{"start":{"line":129,"column":53},"end":{"line":132,"column":3}}},"37":{"name":"(anonymous_44)","decl":{"start":{"line":134,"column":15},"end":{"line":134,"column":22}},"loc":{"start":{"line":134,"column":43},"end":{"line":137,"column":4}}},"38":{"name":"(anonymous_45)","decl":{"start":{"line":134,"column":43},"end":{"line":134,"column":null}},"loc":{"start":{"line":134,"column":43},"end":{"line":137,"column":3}}},"39":{"name":"(anonymous_46)","decl":{"start":{"line":139,"column":19},"end":{"line":139,"column":26}},"loc":{"start":{"line":139,"column":51},"end":{"line":142,"column":4}}},"40":{"name":"(anonymous_47)","decl":{"start":{"line":139,"column":51},"end":{"line":139,"column":null}},"loc":{"start":{"line":139,"column":51},"end":{"line":142,"column":3}}},"41":{"name":"(anonymous_48)","decl":{"start":{"line":144,"column":18},"end":{"line":144,"column":25}},"loc":{"start":{"line":144,"column":49},"end":{"line":147,"column":4}}},"42":{"name":"(anonymous_49)","decl":{"start":{"line":144,"column":49},"end":{"line":144,"column":null}},"loc":{"start":{"line":144,"column":49},"end":{"line":147,"column":3}}},"43":{"name":"(anonymous_50)","decl":{"start":{"line":149,"column":20},"end":{"line":149,"column":27}},"loc":{"start":{"line":149,"column":53},"end":{"line":152,"column":4}}},"44":{"name":"(anonymous_51)","decl":{"start":{"line":149,"column":53},"end":{"line":149,"column":null}},"loc":{"start":{"line":149,"column":53},"end":{"line":152,"column":3}}},"45":{"name":"(anonymous_52)","decl":{"start":{"line":154,"column":19},"end":{"line":154,"column":26}},"loc":{"start":{"line":154,"column":51},"end":{"line":157,"column":4}}},"46":{"name":"(anonymous_53)","decl":{"start":{"line":154,"column":51},"end":{"line":154,"column":null}},"loc":{"start":{"line":154,"column":51},"end":{"line":157,"column":3}}}},"branchMap":{},"s":{"0":10,"1":10,"2":10,"3":10,"4":10,"5":10,"6":10,"7":95,"8":95,"9":95,"10":95,"11":95,"12":95,"13":95,"14":1,"15":1,"16":1,"17":95,"18":1,"19":1,"20":1,"21":95,"22":1,"23":1,"24":1,"25":95,"26":1,"27":1,"28":1,"29":95,"30":1,"31":1,"32":1,"33":95,"34":1,"35":1,"36":1,"37":95,"38":1,"39":1,"40":1,"41":95,"42":1,"43":1,"44":1,"45":95,"46":1,"47":1,"48":1,"49":95,"50":1,"51":1,"52":1,"53":95,"54":0,"55":0,"56":0,"57":95,"58":1,"59":1,"60":1,"61":95,"62":1,"63":1,"64":1,"65":95,"66":0,"67":0,"68":0,"69":95,"70":1,"71":1,"72":1,"73":95,"74":1,"75":1,"76":1,"77":95,"78":1,"79":1,"80":1,"81":95,"82":1,"83":1,"84":1,"85":95,"86":0,"87":0,"88":0,"89":95,"90":0,"91":0,"92":0,"93":95,"94":0,"95":0,"96":0,"97":95,"98":0,"99":0,"100":0,"101":95,"102":0,"103":0,"104":0,"105":95,"106":95,"107":95,"108":95,"109":95,"110":10},"f":{"0":95,"1":1,"2":1,"3":1,"4":1,"5":1,"6":1,"7":1,"8":1,"9":1,"10":1,"11":1,"12":1,"13":1,"14":1,"15":1,"16":1,"17":1,"18":1,"19":1,"20":1,"21":0,"22":0,"23":1,"24":1,"25":1,"26":1,"27":0,"28":0,"29":1,"30":1,"31":1,"32":1,"33":1,"34":1,"35":1,"36":1,"37":0,"38":0,"39":0,"40":0,"41":0,"42":0,"43":0,"44":0,"45":0,"46":0},"b":{}}
,"/home/ulap206/@kor-protocol/core-sdk/src/module/asset/asset.ts": {"path":"/home/ulap206/@kor-protocol/core-sdk/src/module/asset/asset.ts","statementMap":{"0":{"start":{"line":1,"column":0},"end":{"line":1,"column":62}},"1":{"start":{"line":2,"column":0},"end":{"line":2,"column":48}},"2":{"start":{"line":5,"column":0},"end":{"line":5,"column":55}},"3":{"start":{"line":255,"column":19},"end":{"line":267,"column":null}},"4":{"start":{"line":255,"column":59},"end":{"line":267,"column":4}},"5":{"start":{"line":256,"column":27},"end":{"line":259,"column":7}},"6":{"start":{"line":256,"column":48},"end":{"line":259,"column":6}},"7":{"start":{"line":260,"column":20},"end":{"line":264,"column":6}},"8":{"start":{"line":266,"column":4},"end":{"line":266,"column":15}},"9":{"start":{"line":420,"column":19},"end":{"line":459,"column":null}},"10":{"start":{"line":422,"column":23},"end":{"line":459,"column":4}},"11":{"start":{"line":423,"column":4},"end":{"line":458,"column":5}},"12":{"start":{"line":424,"column":6},"end":{"line":455,"column":7}},"13":{"start":{"line":425,"column":23},"end":{"line":432,"column":10}},"14":{"start":{"line":433,"column":20},"end":{"line":433,"column":39}},"15":{"start":{"line":434,"column":8},"end":{"line":436,"column":9}},"16":{"start":{"line":435,"column":10},"end":{"line":435,"column":68}},"17":{"start":{"line":438,"column":20},"end":{"line":448,"column":10}},"18":{"start":{"line":450,"column":21},"end":{"line":450,"column":37}},"19":{"start":{"line":451,"column":29},"end":{"line":451,"column":33}},"20":{"start":{"line":452,"column":8},"end":{"line":452,"column":24}},"21":{"start":{"line":454,"column":8},"end":{"line":454,"column":58}},"22":{"start":{"line":457,"column":6},"end":{"line":457,"column":89}},"23":{"start":{"line":461,"column":19},"end":{"line":505,"column":null}},"24":{"start":{"line":464,"column":6},"end":{"line":505,"column":4}},"25":{"start":{"line":465,"column":4},"end":{"line":504,"column":5}},"26":{"start":{"line":466,"column":6},"end":{"line":501,"column":7}},"27":{"start":{"line":467,"column":21},"end":{"line":469,"column":10}},"28":{"start":{"line":471,"column":21},"end":{"line":471,"column":93}},"29":{"start":{"line":472,"column":23},"end":{"line":472,"column":25}},"30":{"start":{"line":473,"column":24},"end":{"line":473,"column":66}},"31":{"start":{"line":474,"column":25},"end":{"line":484,"column":10}},"32":{"start":{"line":485,"column":8},"end":{"line":497,"column":9}},"33":{"start":{"line":486,"column":36},"end":{"line":486,"column":57}},"34":{"start":{"line":487,"column":30},"end":{"line":491,"column":12}},"35":{"start":{"line":492,"column":10},"end":{"line":493,"column":97}},"36":{"start":{"line":495,"column":36},"end":{"line":495,"column":57}},"37":{"start":{"line":496,"column":10},"end":{"line":496,"column":92}},"38":{"start":{"line":498,"column":8},"end":{"line":498,"column":24}},"39":{"start":{"line":500,"column":8},"end":{"line":500,"column":58}},"40":{"start":{"line":503,"column":6},"end":{"line":503,"column":88}},"41":{"start":{"line":513,"column":19},"end":{"line":552,"column":null}},"42":{"start":{"line":513,"column":87},"end":{"line":552,"column":4}},"43":{"start":{"line":514,"column":4},"end":{"line":551,"column":5}},"44":{"start":{"line":515,"column":23},"end":{"line":515,"column":37}},"45":{"start":{"line":516,"column":6},"end":{"line":516,"column":36}},"46":{"start":{"line":517,"column":21},"end":{"line":521,"column":8}},"47":{"start":{"line":523,"column":18},"end":{"line":523,"column":37}},"48":{"start":{"line":524,"column":6},"end":{"line":526,"column":7}},"49":{"start":{"line":525,"column":8},"end":{"line":525,"column":67}},"50":{"start":{"line":528,"column":18},"end":{"line":534,"column":8}},"51":{"start":{"line":536,"column":19},"end":{"line":536,"column":35}},"52":{"start":{"line":537,"column":27},"end":{"line":537,"column":31}},"53":{"start":{"line":538,"column":6},"end":{"line":547,"column":7}},"54":{"start":{"line":539,"column":8},"end":{"line":546,"column":11}},"55":{"start":{"line":548,"column":6},"end":{"line":548,"column":22}},"56":{"start":{"line":550,"column":6},"end":{"line":550,"column":86}},"57":{"start":{"line":554,"column":19},"end":{"line":613,"column":null}},"58":{"start":{"line":557,"column":23},"end":{"line":613,"column":4}},"59":{"start":{"line":558,"column":4},"end":{"line":612,"column":5}},"60":{"start":{"line":559,"column":23},"end":{"line":559,"column":37}},"61":{"start":{"line":560,"column":28},"end":{"line":560,"column":29}},"62":{"start":{"line":561,"column":6},"end":{"line":571,"column":9}},"63":{"start":{"line":562,"column":30},"end":{"line":564,"column":15}},"64":{"start":{"line":565,"column":28},"end":{"line":568,"column":10}},"65":{"start":{"line":569,"column":8},"end":{"line":569,"column":45}},"66":{"start":{"line":570,"column":8},"end":{"line":570,"column":44}},"67":{"start":{"line":572,"column":22},"end":{"line":574,"column":8}},"68":{"start":{"line":575,"column":6},"end":{"line":575,"column":48}},"69":{"start":{"line":576,"column":21},"end":{"line":580,"column":8}},"70":{"start":{"line":582,"column":6},"end":{"line":609,"column":7}},"71":{"start":{"line":583,"column":20},"end":{"line":583,"column":39}},"72":{"start":{"line":585,"column":20},"end":{"line":591,"column":10}},"73":{"start":{"line":593,"column":21},"end":{"line":593,"column":37}},"74":{"start":{"line":594,"column":29},"end":{"line":594,"column":33}},"75":{"start":{"line":595,"column":33},"end":{"line":600,"column":11}},"76":{"start":{"line":595,"column":66},"end":{"line":600,"column":10}},"77":{"start":{"line":601,"column":8},"end":{"line":603,"column":9}},"78":{"start":{"line":602,"column":10},"end":{"line":602,"column":59}},"79":{"start":{"line":605,"column":8},"end":{"line":605,"column":24}},"80":{"start":{"line":607,"column":20},"end":{"line":607,"column":39}},"81":{"start":{"line":608,"column":8},"end":{"line":608,"column":66}},"82":{"start":{"line":611,"column":6},"end":{"line":611,"column":86}},"83":{"start":{"line":615,"column":19},"end":{"line":644,"column":null}},"84":{"start":{"line":624,"column":6},"end":{"line":644,"column":4}},"85":{"start":{"line":625,"column":4},"end":{"line":643,"column":5}},"86":{"start":{"line":626,"column":36},"end":{"line":633,"column":8}},"87":{"start":{"line":634,"column":29},"end":{"line":634,"column":63}},"88":{"start":{"line":635,"column":6},"end":{"line":637,"column":7}},"89":{"start":{"line":636,"column":8},"end":{"line":636,"column":61}},"90":{"start":{"line":638,"column":6},"end":{"line":640,"column":7}},"91":{"start":{"line":639,"column":8},"end":{"line":639,"column":41}},"92":{"start":{"line":642,"column":6},"end":{"line":642,"column":27}},"93":{"start":{"line":646,"column":19},"end":{"line":661,"column":null}},"94":{"start":{"line":646,"column":73},"end":{"line":661,"column":4}},"95":{"start":{"line":647,"column":4},"end":{"line":660,"column":5}},"96":{"start":{"line":648,"column":27},"end":{"line":654,"column":8}},"97":{"start":{"line":651,"column":39},"end":{"line":651,"column":46}},"98":{"start":{"line":655,"column":6},"end":{"line":657,"column":7}},"99":{"start":{"line":656,"column":8},"end":{"line":656,"column":61}},"100":{"start":{"line":659,"column":6},"end":{"line":659,"column":26}},"101":{"start":{"line":27,"column":4},"end":{"line":40,"column":null}},"102":{"start":{"line":31,"column":4},"end":{"line":34,"column":5}},"103":{"start":{"line":32,"column":19},"end":{"line":32,"column":75}},"104":{"start":{"line":33,"column":6},"end":{"line":33,"column":18}},"105":{"start":{"line":35,"column":4},"end":{"line":39,"column":5}},"106":{"start":{"line":36,"column":6},"end":{"line":36,"column":72}},"107":{"start":{"line":38,"column":6},"end":{"line":38,"column":75}},"108":{"start":{"line":59,"column":23},"end":{"line":59,"column":25}},"109":{"start":{"line":60,"column":4},"end":{"line":72,"column":5}},"110":{"start":{"line":61,"column":6},"end":{"line":65,"column":7}},"111":{"start":{"line":62,"column":8},"end":{"line":62,"column":71}},"112":{"start":{"line":64,"column":8},"end":{"line":64,"column":77}},"113":{"start":{"line":66,"column":11},"end":{"line":72,"column":5}},"114":{"start":{"line":67,"column":6},"end":{"line":71,"column":7}},"115":{"start":{"line":68,"column":8},"end":{"line":68,"column":82}},"116":{"start":{"line":70,"column":8},"end":{"line":70,"column":88}},"117":{"start":{"line":73,"column":4},"end":{"line":73,"column":28}},"118":{"start":{"line":87,"column":4},"end":{"line":103,"column":5}},"119":{"start":{"line":88,"column":6},"end":{"line":97,"column":7}},"120":{"start":{"line":89,"column":26},"end":{"line":89,"column":68}},"121":{"start":{"line":90,"column":8},"end":{"line":94,"column":11}},"122":{"start":{"line":95,"column":28},"end":{"line":95,"column":76}},"123":{"start":{"line":96,"column":8},"end":{"line":96,"column":27}},"124":{"start":{"line":99,"column":6},"end":{"line":99,"column":27}},"125":{"start":{"line":100,"column":6},"end":{"line":102,"column":8}},"126":{"start":{"line":111,"column":4},"end":{"line":113,"column":5}},"127":{"start":{"line":112,"column":6},"end":{"line":112,"column":79}},"128":{"start":{"line":115,"column":4},"end":{"line":130,"column":5}},"129":{"start":{"line":116,"column":18},"end":{"line":123,"column":8}},"130":{"start":{"line":125,"column":19},"end":{"line":125,"column":35}},"131":{"start":{"line":126,"column":27},"end":{"line":126,"column":31}},"132":{"start":{"line":127,"column":6},"end":{"line":127,"column":26}},"133":{"start":{"line":129,"column":6},"end":{"line":129,"column":95}},"134":{"start":{"line":134,"column":4},"end":{"line":136,"column":5}},"135":{"start":{"line":135,"column":6},"end":{"line":135,"column":78}},"136":{"start":{"line":137,"column":4},"end":{"line":153,"column":5}},"137":{"start":{"line":138,"column":18},"end":{"line":145,"column":8}},"138":{"start":{"line":147,"column":19},"end":{"line":147,"column":35}},"139":{"start":{"line":148,"column":6},"end":{"line":150,"column":8}},"140":{"start":{"line":152,"column":6},"end":{"line":152,"column":96}},"141":{"start":{"line":157,"column":4},"end":{"line":196,"column":5}},"142":{"start":{"line":158,"column":22},"end":{"line":158,"column":64}},"143":{"start":{"line":159,"column":23},"end":{"line":169,"column":8}},"144":{"start":{"line":170,"column":21},"end":{"line":170,"column":23}},"145":{"start":{"line":171,"column":32},"end":{"line":171,"column":53}},"146":{"start":{"line":172,"column":6},"end":{"line":192,"column":7}},"147":{"start":{"line":173,"column":28},"end":{"line":177,"column":10}},"148":{"start":{"line":178,"column":8},"end":{"line":179,"column":97}},"149":{"start":{"line":180,"column":8},"end":{"line":189,"column":9}},"150":{"start":{"line":181,"column":10},"end":{"line":188,"column":13}},"151":{"start":{"line":191,"column":8},"end":{"line":191,"column":91}},"152":{"start":{"line":193,"column":6},"end":{"line":193,"column":22}},"153":{"start":{"line":195,"column":6},"end":{"line":195,"column":95}},"154":{"start":{"line":200,"column":4},"end":{"line":252,"column":5}},"155":{"start":{"line":201,"column":32},"end":{"line":201,"column":34}},"156":{"start":{"line":202,"column":6},"end":{"line":204,"column":9}},"157":{"start":{"line":203,"column":8},"end":{"line":203,"column":29}},"158":{"start":{"line":210,"column":11},"end":{"line":210,"column":13}},"159":{"start":{"line":211,"column":23},"end":{"line":244,"column":null}},"160":{"start":{"line":212,"column":41},"end":{"line":244,"column":10}},"161":{"start":{"line":213,"column":31},"end":{"line":223,"column":12}},"162":{"start":{"line":224,"column":10},"end":{"line":243,"column":11}},"163":{"start":{"line":225,"column":38},"end":{"line":225,"column":63}},"164":{"start":{"line":226,"column":32},"end":{"line":230,"column":14}},"165":{"start":{"line":232,"column":14},"end":{"line":232,"column":98}},"166":{"start":{"line":233,"column":12},"end":{"line":238,"column":15}},"167":{"start":{"line":239,"column":12},"end":{"line":239,"column":32}},"168":{"start":{"line":241,"column":38},"end":{"line":241,"column":63}},"169":{"start":{"line":242,"column":12},"end":{"line":242,"column":95}},"170":{"start":{"line":246,"column":6},"end":{"line":248,"column":7}},"171":{"start":{"line":247,"column":8},"end":{"line":247,"column":57}},"172":{"start":{"line":249,"column":6},"end":{"line":249,"column":22}},"173":{"start":{"line":251,"column":6},"end":{"line":251,"column":95}},"174":{"start":{"line":274,"column":19},"end":{"line":274,"column":21}},"175":{"start":{"line":275,"column":4},"end":{"line":281,"column":5}},"176":{"start":{"line":276,"column":6},"end":{"line":276,"column":63}},"177":{"start":{"line":277,"column":6},"end":{"line":277,"column":26}},"178":{"start":{"line":279,"column":6},"end":{"line":279,"column":65}},"179":{"start":{"line":280,"column":6},"end":{"line":280,"column":26}},"180":{"start":{"line":285,"column":4},"end":{"line":297,"column":null}},"181":{"start":{"line":289,"column":38},"end":{"line":289,"column":40}},"182":{"start":{"line":290,"column":4},"end":{"line":294,"column":5}},"183":{"start":{"line":291,"column":6},"end":{"line":291,"column":64}},"184":{"start":{"line":293,"column":6},"end":{"line":293,"column":75}},"185":{"start":{"line":296,"column":4},"end":{"line":296,"column":24}},"186":{"start":{"line":308,"column":4},"end":{"line":353,"column":5}},"187":{"start":{"line":309,"column":23},"end":{"line":309,"column":37}},"188":{"start":{"line":310,"column":28},"end":{"line":310,"column":29}},"189":{"start":{"line":311,"column":6},"end":{"line":320,"column":9}},"190":{"start":{"line":312,"column":21},"end":{"line":314,"column":10}},"191":{"start":{"line":316,"column":21},"end":{"line":316,"column":88}},"192":{"start":{"line":318,"column":8},"end":{"line":318,"column":38}},"193":{"start":{"line":319,"column":8},"end":{"line":319,"column":37}},"194":{"start":{"line":322,"column":22},"end":{"line":324,"column":8}},"195":{"start":{"line":325,"column":6},"end":{"line":325,"column":48}},"196":{"start":{"line":326,"column":21},"end":{"line":330,"column":8}},"197":{"start":{"line":332,"column":6},"end":{"line":349,"column":7}},"198":{"start":{"line":333,"column":20},"end":{"line":333,"column":39}},"199":{"start":{"line":335,"column":20},"end":{"line":341,"column":10}},"200":{"start":{"line":343,"column":21},"end":{"line":343,"column":37}},"201":{"start":{"line":344,"column":29},"end":{"line":344,"column":33}},"202":{"start":{"line":345,"column":8},"end":{"line":345,"column":24}},"203":{"start":{"line":347,"column":20},"end":{"line":347,"column":39}},"204":{"start":{"line":348,"column":8},"end":{"line":348,"column":67}},"205":{"start":{"line":351,"column":6},"end":{"line":351,"column":27}},"206":{"start":{"line":352,"column":6},"end":{"line":352,"column":89}},"207":{"start":{"line":360,"column":4},"end":{"line":409,"column":5}},"208":{"start":{"line":361,"column":32},"end":{"line":361,"column":34}},"209":{"start":{"line":362,"column":6},"end":{"line":371,"column":9}},"210":{"start":{"line":363,"column":21},"end":{"line":365,"column":10}},"211":{"start":{"line":367,"column":21},"end":{"line":369,"column":10}},"212":{"start":{"line":370,"column":8},"end":{"line":370,"column":29}},"213":{"start":{"line":373,"column":22},"end":{"line":373,"column":57}},"214":{"start":{"line":374,"column":23},"end":{"line":388,"column":8}},"215":{"start":{"line":389,"column":21},"end":{"line":389,"column":23}},"216":{"start":{"line":391,"column":6},"end":{"line":405,"column":7}},"217":{"start":{"line":392,"column":34},"end":{"line":392,"column":55}},"218":{"start":{"line":394,"column":28},"end":{"line":398,"column":10}},"219":{"start":{"line":400,"column":8},"end":{"line":401,"column":97}},"220":{"start":{"line":403,"column":34},"end":{"line":403,"column":55}},"221":{"start":{"line":404,"column":8},"end":{"line":404,"column":90}},"222":{"start":{"line":406,"column":6},"end":{"line":406,"column":22}},"223":{"start":{"line":408,"column":6},"end":{"line":408,"column":89}},"224":{"start":{"line":7,"column":0},"end":{"line":7,"column":13}}},"fnMap":{"0":{"name":"(anonymous_7)","decl":{"start":{"line":7,"column":0},"end":{"line":7,"column":13}},"loc":{"start":{"line":7,"column":0},"end":{"line":662,"column":1}}},"1":{"name":"(anonymous_8)","decl":{"start":{"line":255,"column":35},"end":{"line":255,"column":42}},"loc":{"start":{"line":255,"column":59},"end":{"line":267,"column":4}}},"2":{"name":"(anonymous_9)","decl":{"start":{"line":255,"column":59},"end":{"line":255,"column":null}},"loc":{"start":{"line":255,"column":59},"end":{"line":267,"column":3}}},"3":{"name":"(anonymous_10)","decl":{"start":{"line":256,"column":37},"end":{"line":256,"column":38}},"loc":{"start":{"line":256,"column":48},"end":{"line":259,"column":6}}},"4":{"name":"(anonymous_11)","decl":{"start":{"line":420,"column":48},"end":{"line":420,"column":null}},"loc":{"start":{"line":422,"column":23},"end":{"line":459,"column":4}}},"5":{"name":"(anonymous_12)","decl":{"start":{"line":422,"column":23},"end":{"line":422,"column":null}},"loc":{"start":{"line":422,"column":23},"end":{"line":459,"column":3}}},"6":{"name":"(anonymous_13)","decl":{"start":{"line":461,"column":50},"end":{"line":461,"column":null}},"loc":{"start":{"line":464,"column":6},"end":{"line":505,"column":4}}},"7":{"name":"(anonymous_14)","decl":{"start":{"line":464,"column":6},"end":{"line":464,"column":null}},"loc":{"start":{"line":464,"column":6},"end":{"line":505,"column":3}}},"8":{"name":"(anonymous_15)","decl":{"start":{"line":513,"column":41},"end":{"line":513,"column":48}},"loc":{"start":{"line":513,"column":87},"end":{"line":552,"column":4}}},"9":{"name":"(anonymous_16)","decl":{"start":{"line":513,"column":87},"end":{"line":513,"column":null}},"loc":{"start":{"line":513,"column":87},"end":{"line":552,"column":3}}},"10":{"name":"(anonymous_17)","decl":{"start":{"line":554,"column":51},"end":{"line":554,"column":null}},"loc":{"start":{"line":557,"column":23},"end":{"line":613,"column":4}}},"11":{"name":"(anonymous_18)","decl":{"start":{"line":557,"column":23},"end":{"line":557,"column":null}},"loc":{"start":{"line":557,"column":23},"end":{"line":613,"column":3}}},"12":{"name":"(anonymous_19)","decl":{"start":{"line":561,"column":32},"end":{"line":561,"column":33}},"loc":{"start":{"line":561,"column":41},"end":{"line":571,"column":7}}},"13":{"name":"(anonymous_20)","decl":{"start":{"line":595,"column":55},"end":{"line":595,"column":56}},"loc":{"start":{"line":595,"column":66},"end":{"line":600,"column":10}}},"14":{"name":"(anonymous_21)","decl":{"start":{"line":615,"column":47},"end":{"line":615,"column":null}},"loc":{"start":{"line":624,"column":6},"end":{"line":644,"column":4}}},"15":{"name":"(anonymous_22)","decl":{"start":{"line":624,"column":6},"end":{"line":624,"column":null}},"loc":{"start":{"line":624,"column":6},"end":{"line":644,"column":3}}},"16":{"name":"(anonymous_23)","decl":{"start":{"line":646,"column":34},"end":{"line":646,"column":41}},"loc":{"start":{"line":646,"column":73},"end":{"line":661,"column":4}}},"17":{"name":"(anonymous_24)","decl":{"start":{"line":646,"column":73},"end":{"line":646,"column":null}},"loc":{"start":{"line":646,"column":73},"end":{"line":661,"column":3}}},"18":{"name":"(anonymous_25)","decl":{"start":{"line":651,"column":29},"end":{"line":651,"column":30}},"loc":{"start":{"line":651,"column":39},"end":{"line":651,"column":46}}},"19":{"name":"(anonymous_26)","decl":{"start":{"line":26,"column":8},"end":{"line":26,"column":25}},"loc":{"start":{"line":26,"column":25},"end":{"line":40,"column":null}}},"20":{"name":"(anonymous_27)","decl":{"start":{"line":27,"column":4},"end":{"line":27,"column":25}},"loc":{"start":{"line":29,"column":27},"end":{"line":40,"column":3}}},"21":{"name":"(anonymous_28)","decl":{"start":{"line":54,"column":8},"end":{"line":54,"column":28}},"loc":{"start":{"line":57,"column":27},"end":{"line":74,"column":null}}},"22":{"name":"(anonymous_30)","decl":{"start":{"line":86,"column":8},"end":{"line":86,"column":24}},"loc":{"start":{"line":86,"column":48},"end":{"line":104,"column":null}}},"23":{"name":"(anonymous_32)","decl":{"start":{"line":110,"column":8},"end":{"line":110,"column":20}},"loc":{"start":{"line":110,"column":39},"end":{"line":131,"column":null}}},"24":{"name":"(anonymous_34)","decl":{"start":{"line":133,"column":8},"end":{"line":133,"column":31}},"loc":{"start":{"line":133,"column":51},"end":{"line":154,"column":null}}},"25":{"name":"(anonymous_36)","decl":{"start":{"line":156,"column":16},"end":{"line":156,"column":37}},"loc":{"start":{"line":156,"column":73},"end":{"line":197,"column":null}}},"26":{"name":"(anonymous_38)","decl":{"start":{"line":199,"column":16},"end":{"line":199,"column":47}},"loc":{"start":{"line":199,"column":88},"end":{"line":253,"column":null}}},"27":{"name":"(anonymous_40)","decl":{"start":{"line":202,"column":32},"end":{"line":202,"column":33}},"loc":{"start":{"line":202,"column":41},"end":{"line":204,"column":7}}},"28":{"name":"(anonymous_41)","decl":{"start":{"line":212,"column":22},"end":{"line":212,"column":29}},"loc":{"start":{"line":212,"column":41},"end":{"line":244,"column":10}}},"29":{"name":"(anonymous_42)","decl":{"start":{"line":212,"column":41},"end":{"line":212,"column":null}},"loc":{"start":{"line":212,"column":41},"end":{"line":244,"column":9}}},"30":{"name":"(anonymous_43)","decl":{"start":{"line":269,"column":16},"end":{"line":269,"column":36}},"loc":{"start":{"line":272,"column":27},"end":{"line":282,"column":null}}},"31":{"name":"(anonymous_45)","decl":{"start":{"line":284,"column":16},"end":{"line":284,"column":38}},"loc":{"start":{"line":284,"column":38},"end":{"line":297,"column":null}}},"32":{"name":"(anonymous_46)","decl":{"start":{"line":285,"column":4},"end":{"line":285,"column":18}},"loc":{"start":{"line":287,"column":27},"end":{"line":297,"column":3}}},"33":{"name":"(anonymous_47)","decl":{"start":{"line":307,"column":16},"end":{"line":307,"column":48}},"loc":{"start":{"line":307,"column":74},"end":{"line":354,"column":null}}},"34":{"name":"(anonymous_49)","decl":{"start":{"line":311,"column":23},"end":{"line":311,"column":24}},"loc":{"start":{"line":311,"column":47},"end":{"line":320,"column":7}}},"35":{"name":"(anonymous_50)","decl":{"start":{"line":356,"column":16},"end":{"line":356,"column":50}},"loc":{"start":{"line":358,"column":27},"end":{"line":410,"column":null}}},"36":{"name":"(anonymous_52)","decl":{"start":{"line":362,"column":23},"end":{"line":362,"column":24}},"loc":{"start":{"line":362,"column":47},"end":{"line":371,"column":7}}}},"branchMap":{"0":{"loc":{"start":{"line":424,"column":6},"end":{"line":455,"column":7}},"type":"if","locations":[{"start":{"line":424,"column":6},"end":{"line":455,"column":7}},{"start":{"line":453,"column":13},"end":{"line":455,"column":7}}]},"1":{"loc":{"start":{"line":434,"column":8},"end":{"line":436,"column":9}},"type":"if","locations":[{"start":{"line":434,"column":8},"end":{"line":436,"column":9}}]},"2":{"loc":{"start":{"line":457,"column":22},"end":{"line":457,"column":87}},"type":"cond-expr","locations":[{"start":{"line":457,"column":61},"end":{"line":457,"column":65}},{"start":{"line":457,"column":65},"end":{"line":457,"column":87}}]},"3":{"loc":{"start":{"line":457,"column":22},"end":{"line":457,"column":65}},"type":"binary-expr","locations":[{"start":{"line":457,"column":22},"end":{"line":457,"column":65}},{"start":{"line":457,"column":61},"end":{"line":457,"column":65}}]},"4":{"loc":{"start":{"line":457,"column":23},"end":{"line":457,"column":61}},"type":"cond-expr","locations":[{"start":{"line":457,"column":28},"end":{"line":457,"column":52}},{"start":{"line":457,"column":23},"end":{"line":457,"column":61}}]},"5":{"loc":{"start":{"line":457,"column":23},"end":{"line":457,"column":52}},"type":"binary-expr","locations":[{"start":{"line":457,"column":23},"end":{"line":457,"column":54}},{"start":{"line":457,"column":23},"end":{"line":457,"column":52}}]},"6":{"loc":{"start":{"line":466,"column":6},"end":{"line":501,"column":7}},"type":"if","locations":[{"start":{"line":466,"column":6},"end":{"line":501,"column":7}},{"start":{"line":499,"column":13},"end":{"line":501,"column":7}}]},"7":{"loc":{"start":{"line":479,"column":24},"end":{"line":479,"column":43}},"type":"cond-expr","locations":[{"start":{"line":479,"column":31},"end":{"line":479,"column":33}},{"start":{"line":479,"column":24},"end":{"line":479,"column":43}}]},"8":{"loc":{"start":{"line":479,"column":24},"end":{"line":479,"column":33}},"type":"binary-expr","locations":[{"start":{"line":479,"column":24},"end":{"line":479,"column":33}},{"start":{"line":479,"column":24},"end":{"line":479,"column":33}}]},"9":{"loc":{"start":{"line":480,"column":24},"end":{"line":480,"column":51}},"type":"cond-expr","locations":[{"start":{"line":480,"column":43},"end":{"line":480,"column":45}},{"start":{"line":480,"column":43},"end":{"line":480,"column":51}}]},"10":{"loc":{"start":{"line":480,"column":24},"end":{"line":480,"column":45}},"type":"binary-expr","locations":[{"start":{"line":480,"column":24},"end":{"line":480,"column":45}},{"start":{"line":480,"column":43},"end":{"line":480,"column":45}}]},"11":{"loc":{"start":{"line":480,"column":24},"end":{"line":480,"column":43}},"type":"cond-expr","locations":[{"start":{"line":480,"column":31},"end":{"line":480,"column":33}},{"start":{"line":480,"column":24},"end":{"line":480,"column":43}}]},"12":{"loc":{"start":{"line":480,"column":24},"end":{"line":480,"column":33}},"type":"binary-expr","locations":[{"start":{"line":480,"column":24},"end":{"line":480,"column":33}},{"start":{"line":480,"column":24},"end":{"line":480,"column":33}}]},"13":{"loc":{"start":{"line":485,"column":8},"end":{"line":497,"column":9}},"type":"if","locations":[{"start":{"line":485,"column":8},"end":{"line":497,"column":9}},{"start":{"line":494,"column":15},"end":{"line":497,"column":9}}]},"14":{"loc":{"start":{"line":493,"column":12},"end":{"line":493,"column":96}},"type":"cond-expr","locations":[{"start":{"line":493,"column":90},"end":{"line":493,"column":94}},{"start":{"line":493,"column":94},"end":{"line":493,"column":96}}]},"15":{"loc":{"start":{"line":493,"column":12},"end":{"line":493,"column":94}},"type":"binary-expr","locations":[{"start":{"line":493,"column":12},"end":{"line":493,"column":94}},{"start":{"line":493,"column":90},"end":{"line":493,"column":94}}]},"16":{"loc":{"start":{"line":503,"column":22},"end":{"line":503,"column":86}},"type":"cond-expr","locations":[{"start":{"line":503,"column":60},"end":{"line":503,"column":64}},{"start":{"line":503,"column":64},"end":{"line":503,"column":86}}]},"17":{"loc":{"start":{"line":503,"column":22},"end":{"line":503,"column":64}},"type":"binary-expr","locations":[{"start":{"line":503,"column":22},"end":{"line":503,"column":64}},{"start":{"line":503,"column":60},"end":{"line":503,"column":64}}]},"18":{"loc":{"start":{"line":524,"column":6},"end":{"line":526,"column":7}},"type":"if","locations":[{"start":{"line":524,"column":6},"end":{"line":526,"column":7}}]},"19":{"loc":{"start":{"line":525,"column":27},"end":{"line":525,"column":39}},"type":"cond-expr","locations":[{"start":{"line":525,"column":30},"end":{"line":525,"column":32}},{"start":{"line":525,"column":27},"end":{"line":525,"column":39}}]},"20":{"loc":{"start":{"line":525,"column":27},"end":{"line":525,"column":32}},"type":"binary-expr","locations":[{"start":{"line":525,"column":27},"end":{"line":525,"column":32}},{"start":{"line":525,"column":27},"end":{"line":525,"column":32}}]},"21":{"loc":{"start":{"line":538,"column":6},"end":{"line":547,"column":7}},"type":"if","locations":[{"start":{"line":538,"column":6},"end":{"line":547,"column":7}}]},"22":{"loc":{"start":{"line":538,"column":11},"end":{"line":538,"column":31}},"type":"cond-expr","locations":[{"start":{"line":538,"column":18},"end":{"line":538,"column":20}},{"start":{"line":538,"column":11},"end":{"line":538,"column":31}}]},"23":{"loc":{"start":{"line":538,"column":11},"end":{"line":538,"column":20}},"type":"binary-expr","locations":[{"start":{"line":538,"column":11},"end":{"line":538,"column":20}},{"start":{"line":538,"column":11},"end":{"line":538,"column":20}}]},"24":{"loc":{"start":{"line":550,"column":22},"end":{"line":550,"column":84}},"type":"binary-expr","locations":[{"start":{"line":550,"column":23},"end":{"line":550,"column":57}},{"start":{"line":550,"column":61},"end":{"line":550,"column":84}}]},"25":{"loc":{"start":{"line":550,"column":23},"end":{"line":550,"column":57}},"type":"cond-expr","locations":[{"start":{"line":550,"column":24},"end":{"line":550,"column":48}},{"start":{"line":550,"column":23},"end":{"line":550,"column":57}}]},"26":{"loc":{"start":{"line":550,"column":23},"end":{"line":550,"column":48}},"type":"binary-expr","locations":[{"start":{"line":550,"column":23},"end":{"line":550,"column":50}},{"start":{"line":550,"column":23},"end":{"line":550,"column":48}}]},"27":{"loc":{"start":{"line":562,"column":30},"end":{"line":564,"column":15}},"type":"cond-expr","locations":[{"start":{"line":563,"column":12},"end":{"line":563,"column":94}},{"start":{"line":564,"column":12},"end":{"line":564,"column":15}}]},"28":{"loc":{"start":{"line":582,"column":6},"end":{"line":609,"column":7}},"type":"if","locations":[{"start":{"line":582,"column":6},"end":{"line":609,"column":7}},{"start":{"line":606,"column":13},"end":{"line":609,"column":7}}]},"29":{"loc":{"start":{"line":601,"column":8},"end":{"line":603,"column":9}},"type":"if","locations":[{"start":{"line":601,"column":8},"end":{"line":603,"column":9}}]},"30":{"loc":{"start":{"line":601,"column":13},"end":{"line":601,"column":38}},"type":"cond-expr","locations":[{"start":{"line":601,"column":25},"end":{"line":601,"column":27}},{"start":{"line":601,"column":13},"end":{"line":601,"column":38}}]},"31":{"loc":{"start":{"line":601,"column":13},"end":{"line":601,"column":27}},"type":"binary-expr","locations":[{"start":{"line":601,"column":13},"end":{"line":601,"column":27}},{"start":{"line":601,"column":13},"end":{"line":601,"column":27}}]},"32":{"loc":{"start":{"line":611,"column":22},"end":{"line":611,"column":84}},"type":"binary-expr","locations":[{"start":{"line":611,"column":23},"end":{"line":611,"column":57}},{"start":{"line":611,"column":61},"end":{"line":611,"column":84}}]},"33":{"loc":{"start":{"line":611,"column":23},"end":{"line":611,"column":57}},"type":"cond-expr","locations":[{"start":{"line":611,"column":24},"end":{"line":611,"column":48}},{"start":{"line":611,"column":23},"end":{"line":611,"column":57}}]},"34":{"loc":{"start":{"line":611,"column":23},"end":{"line":611,"column":48}},"type":"binary-expr","locations":[{"start":{"line":611,"column":23},"end":{"line":611,"column":50}},{"start":{"line":611,"column":23},"end":{"line":611,"column":48}}]},"35":{"loc":{"start":{"line":635,"column":6},"end":{"line":637,"column":7}},"type":"if","locations":[{"start":{"line":635,"column":6},"end":{"line":637,"column":7}}]},"36":{"loc":{"start":{"line":638,"column":6},"end":{"line":640,"column":7}},"type":"if","locations":[{"start":{"line":638,"column":6},"end":{"line":640,"column":7}}]},"37":{"loc":{"start":{"line":655,"column":6},"end":{"line":657,"column":7}},"type":"if","locations":[{"start":{"line":655,"column":6},"end":{"line":657,"column":7}}]},"38":{"loc":{"start":{"line":28,"column":4},"end":{"line":28,"column":46}},"type":"default-arg","locations":[{"start":{"line":28,"column":38},"end":{"line":28,"column":46}}]},"39":{"loc":{"start":{"line":31,"column":4},"end":{"line":34,"column":5}},"type":"if","locations":[{"start":{"line":31,"column":4},"end":{"line":34,"column":5}}]},"40":{"loc":{"start":{"line":35,"column":4},"end":{"line":39,"column":5}},"type":"if","locations":[{"start":{"line":35,"column":4},"end":{"line":39,"column":5}},{"start":{"line":37,"column":11},"end":{"line":39,"column":5}}]},"41":{"loc":{"start":{"line":60,"column":4},"end":{"line":72,"column":5}},"type":"if","locations":[{"start":{"line":60,"column":4},"end":{"line":72,"column":5}},{"start":{"line":66,"column":11},"end":{"line":72,"column":5}}]},"42":{"loc":{"start":{"line":61,"column":6},"end":{"line":65,"column":7}},"type":"if","locations":[{"start":{"line":61,"column":6},"end":{"line":65,"column":7}},{"start":{"line":63,"column":13},"end":{"line":65,"column":7}}]},"43":{"loc":{"start":{"line":66,"column":11},"end":{"line":72,"column":5}},"type":"if","locations":[{"start":{"line":66,"column":11},"end":{"line":72,"column":5}}]},"44":{"loc":{"start":{"line":67,"column":6},"end":{"line":71,"column":7}},"type":"if","locations":[{"start":{"line":67,"column":6},"end":{"line":71,"column":7}},{"start":{"line":69,"column":13},"end":{"line":71,"column":7}}]},"45":{"loc":{"start":{"line":88,"column":6},"end":{"line":97,"column":7}},"type":"if","locations":[{"start":{"line":88,"column":6},"end":{"line":97,"column":7}}]},"46":{"loc":{"start":{"line":101,"column":9},"end":{"line":101,"column":91}},"type":"binary-expr","locations":[{"start":{"line":101,"column":9},"end":{"line":101,"column":46}},{"start":{"line":101,"column":50},"end":{"line":101,"column":91}}]},"47":{"loc":{"start":{"line":111,"column":4},"end":{"line":113,"column":5}},"type":"if","locations":[{"start":{"line":111,"column":4},"end":{"line":113,"column":5}}]},"48":{"loc":{"start":{"line":129,"column":23},"end":{"line":129,"column":93}},"type":"binary-expr","locations":[{"start":{"line":129,"column":23},"end":{"line":129,"column":60}},{"start":{"line":129,"column":64},"end":{"line":129,"column":93}}]},"49":{"loc":{"start":{"line":134,"column":4},"end":{"line":136,"column":5}},"type":"if","locations":[{"start":{"line":134,"column":4},"end":{"line":136,"column":5}}]},"50":{"loc":{"start":{"line":149,"column":18},"end":{"line":149,"column":40}},"type":"cond-expr","locations":[{"start":{"line":149,"column":27},"end":{"line":149,"column":31}},{"start":{"line":149,"column":31},"end":{"line":149,"column":40}}]},"51":{"loc":{"start":{"line":149,"column":18},"end":{"line":149,"column":31}},"type":"binary-expr","locations":[{"start":{"line":149,"column":18},"end":{"line":149,"column":31}},{"start":{"line":149,"column":27},"end":{"line":149,"column":31}}]},"52":{"loc":{"start":{"line":149,"column":18},"end":{"line":149,"column":27}},"type":"cond-expr","locations":[{"start":{"line":149,"column":22},"end":{"line":149,"column":24}},{"start":{"line":149,"column":18},"end":{"line":149,"column":27}}]},"53":{"loc":{"start":{"line":149,"column":18},"end":{"line":149,"column":24}},"type":"binary-expr","locations":[{"start":{"line":149,"column":18},"end":{"line":149,"column":24}},{"start":{"line":149,"column":18},"end":{"line":149,"column":24}}]},"54":{"loc":{"start":{"line":152,"column":22},"end":{"line":152,"column":94}},"type":"binary-expr","locations":[{"start":{"line":152,"column":23},"end":{"line":152,"column":61}},{"start":{"line":152,"column":65},"end":{"line":152,"column":94}}]},"55":{"loc":{"start":{"line":152,"column":23},"end":{"line":152,"column":61}},"type":"cond-expr","locations":[{"start":{"line":152,"column":28},"end":{"line":152,"column":52}},{"start":{"line":152,"column":23},"end":{"line":152,"column":61}}]},"56":{"loc":{"start":{"line":152,"column":23},"end":{"line":152,"column":52}},"type":"binary-expr","locations":[{"start":{"line":152,"column":23},"end":{"line":152,"column":54}},{"start":{"line":152,"column":23},"end":{"line":152,"column":52}}]},"57":{"loc":{"start":{"line":164,"column":22},"end":{"line":164,"column":47}},"type":"cond-expr","locations":[{"start":{"line":164,"column":41},"end":{"line":164,"column":45}},{"start":{"line":164,"column":45},"end":{"line":164,"column":47}}]},"58":{"loc":{"start":{"line":164,"column":22},"end":{"line":164,"column":45}},"type":"binary-expr","locations":[{"start":{"line":164,"column":22},"end":{"line":164,"column":45}},{"start":{"line":164,"column":41},"end":{"line":164,"column":45}}]},"59":{"loc":{"start":{"line":164,"column":22},"end":{"line":164,"column":41}},"type":"cond-expr","locations":[{"start":{"line":164,"column":29},"end":{"line":164,"column":31}},{"start":{"line":164,"column":22},"end":{"line":164,"column":41}}]},"60":{"loc":{"start":{"line":164,"column":22},"end":{"line":164,"column":31}},"type":"binary-expr","locations":[{"start":{"line":164,"column":22},"end":{"line":164,"column":31}},{"start":{"line":164,"column":22},"end":{"line":164,"column":31}}]},"61":{"loc":{"start":{"line":165,"column":22},"end":{"line":165,"column":55}},"type":"cond-expr","locations":[{"start":{"line":165,"column":49},"end":{"line":165,"column":53}},{"start":{"line":165,"column":53},"end":{"line":165,"column":55}}]},"62":{"loc":{"start":{"line":165,"column":22},"end":{"line":165,"column":53}},"type":"binary-expr","locations":[{"start":{"line":165,"column":22},"end":{"line":165,"column":53}},{"start":{"line":165,"column":49},"end":{"line":165,"column":53}}]},"63":{"loc":{"start":{"line":165,"column":22},"end":{"line":165,"column":49}},"type":"cond-expr","locations":[{"start":{"line":165,"column":41},"end":{"line":165,"column":43}},{"start":{"line":165,"column":41},"end":{"line":165,"column":49}}]},"64":{"loc":{"start":{"line":165,"column":22},"end":{"line":165,"column":43}},"type":"binary-expr","locations":[{"start":{"line":165,"column":22},"end":{"line":165,"column":43}},{"start":{"line":165,"column":41},"end":{"line":165,"column":43}}]},"65":{"loc":{"start":{"line":165,"column":22},"end":{"line":165,"column":41}},"type":"cond-expr","locations":[{"start":{"line":165,"column":29},"end":{"line":165,"column":31}},{"start":{"line":165,"column":22},"end":{"line":165,"column":41}}]},"66":{"loc":{"start":{"line":165,"column":22},"end":{"line":165,"column":31}},"type":"binary-expr","locations":[{"start":{"line":165,"column":22},"end":{"line":165,"column":31}},{"start":{"line":165,"column":22},"end":{"line":165,"column":31}}]},"67":{"loc":{"start":{"line":172,"column":6},"end":{"line":192,"column":7}},"type":"if","locations":[{"start":{"line":172,"column":6},"end":{"line":192,"column":7}},{"start":{"line":190,"column":13},"end":{"line":192,"column":7}}]},"68":{"loc":{"start":{"line":179,"column":10},"end":{"line":179,"column":96}},"type":"cond-expr","locations":[{"start":{"line":179,"column":90},"end":{"line":179,"column":94}},{"start":{"line":179,"column":94},"end":{"line":179,"column":96}}]},"69":{"loc":{"start":{"line":179,"column":10},"end":{"line":179,"column":94}},"type":"binary-expr","locations":[{"start":{"line":179,"column":10},"end":{"line":179,"column":94}},{"start":{"line":179,"column":90},"end":{"line":179,"column":94}}]},"70":{"loc":{"start":{"line":179,"column":10},"end":{"line":179,"column":90}},"type":"cond-expr","locations":[{"start":{"line":179,"column":67},"end":{"line":179,"column":69}},{"start":{"line":179,"column":67},"end":{"line":179,"column":90}}]},"71":{"loc":{"start":{"line":179,"column":10},"end":{"line":179,"column":69}},"type":"binary-expr","locations":[{"start":{"line":179,"column":10},"end":{"line":179,"column":69}},{"start":{"line":179,"column":67},"end":{"line":179,"column":69}}]},"72":{"loc":{"start":{"line":179,"column":11},"end":{"line":179,"column":67}},"type":"cond-expr","locations":[{"start":{"line":179,"column":22},"end":{"line":179,"column":58}},{"start":{"line":179,"column":11},"end":{"line":179,"column":67}}]},"73":{"loc":{"start":{"line":179,"column":11},"end":{"line":179,"column":58}},"type":"binary-expr","locations":[{"start":{"line":179,"column":11},"end":{"line":179,"column":60}},{"start":{"line":179,"column":11},"end":{"line":179,"column":58}}]},"74":{"loc":{"start":{"line":180,"column":8},"end":{"line":189,"column":9}},"type":"if","locations":[{"start":{"line":180,"column":8},"end":{"line":189,"column":9}}]},"75":{"loc":{"start":{"line":180,"column":13},"end":{"line":180,"column":33}},"type":"cond-expr","locations":[{"start":{"line":180,"column":20},"end":{"line":180,"column":22}},{"start":{"line":180,"column":13},"end":{"line":180,"column":33}}]},"76":{"loc":{"start":{"line":180,"column":13},"end":{"line":180,"column":22}},"type":"binary-expr","locations":[{"start":{"line":180,"column":13},"end":{"line":180,"column":22}},{"start":{"line":180,"column":13},"end":{"line":180,"column":22}}]},"77":{"loc":{"start":{"line":191,"column":27},"end":{"line":191,"column":53}},"type":"cond-expr","locations":[{"start":{"line":191,"column":44},"end":{"line":191,"column":46}},{"start":{"line":191,"column":27},"end":{"line":191,"column":53}}]},"78":{"loc":{"start":{"line":191,"column":27},"end":{"line":191,"column":46}},"type":"binary-expr","locations":[{"start":{"line":191,"column":27},"end":{"line":191,"column":46}},{"start":{"line":191,"column":27},"end":{"line":191,"column":46}}]},"79":{"loc":{"start":{"line":195,"column":22},"end":{"line":195,"column":93}},"type":"binary-expr","locations":[{"start":{"line":195,"column":23},"end":{"line":195,"column":61}},{"start":{"line":195,"column":65},"end":{"line":195,"column":93}}]},"80":{"loc":{"start":{"line":195,"column":23},"end":{"line":195,"column":61}},"type":"cond-expr","locations":[{"start":{"line":195,"column":28},"end":{"line":195,"column":52}},{"start":{"line":195,"column":23},"end":{"line":195,"column":61}}]},"81":{"loc":{"start":{"line":195,"column":23},"end":{"line":195,"column":52}},"type":"binary-expr","locations":[{"start":{"line":195,"column":23},"end":{"line":195,"column":54}},{"start":{"line":195,"column":23},"end":{"line":195,"column":52}}]},"82":{"loc":{"start":{"line":218,"column":26},"end":{"line":218,"column":51}},"type":"cond-expr","locations":[{"start":{"line":218,"column":45},"end":{"line":218,"column":49}},{"start":{"line":218,"column":49},"end":{"line":218,"column":51}}]},"83":{"loc":{"start":{"line":218,"column":26},"end":{"line":218,"column":49}},"type":"binary-expr","locations":[{"start":{"line":218,"column":26},"end":{"line":218,"column":49}},{"start":{"line":218,"column":45},"end":{"line":218,"column":49}}]},"84":{"loc":{"start":{"line":218,"column":26},"end":{"line":218,"column":45}},"type":"cond-expr","locations":[{"start":{"line":218,"column":33},"end":{"line":218,"column":35}},{"start":{"line":218,"column":26},"end":{"line":218,"column":45}}]},"85":{"loc":{"start":{"line":218,"column":26},"end":{"line":218,"column":35}},"type":"binary-expr","locations":[{"start":{"line":218,"column":26},"end":{"line":218,"column":35}},{"start":{"line":218,"column":26},"end":{"line":218,"column":35}}]},"86":{"loc":{"start":{"line":219,"column":26},"end":{"line":219,"column":59}},"type":"cond-expr","locations":[{"start":{"line":219,"column":53},"end":{"line":219,"column":57}},{"start":{"line":219,"column":57},"end":{"line":219,"column":59}}]},"87":{"loc":{"start":{"line":219,"column":26},"end":{"line":219,"column":57}},"type":"binary-expr","locations":[{"start":{"line":219,"column":26},"end":{"line":219,"column":57}},{"start":{"line":219,"column":53},"end":{"line":219,"column":57}}]},"88":{"loc":{"start":{"line":219,"column":26},"end":{"line":219,"column":53}},"type":"cond-expr","locations":[{"start":{"line":219,"column":45},"end":{"line":219,"column":47}},{"start":{"line":219,"column":45},"end":{"line":219,"column":53}}]},"89":{"loc":{"start":{"line":219,"column":26},"end":{"line":219,"column":47}},"type":"binary-expr","locations":[{"start":{"line":219,"column":26},"end":{"line":219,"column":47}},{"start":{"line":219,"column":45},"end":{"line":219,"column":47}}]},"90":{"loc":{"start":{"line":219,"column":26},"end":{"line":219,"column":45}},"type":"cond-expr","locations":[{"start":{"line":219,"column":33},"end":{"line":219,"column":35}},{"start":{"line":219,"column":26},"end":{"line":219,"column":45}}]},"91":{"loc":{"start":{"line":219,"column":26},"end":{"line":219,"column":35}},"type":"binary-expr","locations":[{"start":{"line":219,"column":26},"end":{"line":219,"column":35}},{"start":{"line":219,"column":26},"end":{"line":219,"column":35}}]},"92":{"loc":{"start":{"line":224,"column":10},"end":{"line":243,"column":11}},"type":"if","locations":[{"start":{"line":224,"column":10},"end":{"line":243,"column":11}},{"start":{"line":240,"column":17},"end":{"line":243,"column":11}}]},"93":{"loc":{"start":{"line":232,"column":14},"end":{"line":232,"column":98}},"type":"cond-expr","locations":[{"start":{"line":232,"column":92},"end":{"line":232,"column":96}},{"start":{"line":232,"column":96},"end":{"line":232,"column":98}}]},"94":{"loc":{"start":{"line":232,"column":14},"end":{"line":232,"column":96}},"type":"binary-expr","locations":[{"start":{"line":232,"column":14},"end":{"line":232,"column":96}},{"start":{"line":232,"column":92},"end":{"line":232,"column":96}}]},"95":{"loc":{"start":{"line":242,"column":31},"end":{"line":242,"column":57}},"type":"cond-expr","locations":[{"start":{"line":242,"column":48},"end":{"line":242,"column":50}},{"start":{"line":242,"column":31},"end":{"line":242,"column":57}}]},"96":{"loc":{"start":{"line":242,"column":31},"end":{"line":242,"column":50}},"type":"binary-expr","locations":[{"start":{"line":242,"column":31},"end":{"line":242,"column":50}},{"start":{"line":242,"column":31},"end":{"line":242,"column":50}}]},"97":{"loc":{"start":{"line":246,"column":6},"end":{"line":248,"column":7}},"type":"if","locations":[{"start":{"line":246,"column":6},"end":{"line":248,"column":7}}]},"98":{"loc":{"start":{"line":246,"column":11},"end":{"line":246,"column":31}},"type":"cond-expr","locations":[{"start":{"line":246,"column":18},"end":{"line":246,"column":20}},{"start":{"line":246,"column":11},"end":{"line":246,"column":31}}]},"99":{"loc":{"start":{"line":246,"column":11},"end":{"line":246,"column":20}},"type":"binary-expr","locations":[{"start":{"line":246,"column":11},"end":{"line":246,"column":20}},{"start":{"line":246,"column":11},"end":{"line":246,"column":20}}]},"100":{"loc":{"start":{"line":251,"column":22},"end":{"line":251,"column":93}},"type":"binary-expr","locations":[{"start":{"line":251,"column":23},"end":{"line":251,"column":61}},{"start":{"line":251,"column":65},"end":{"line":251,"column":93}}]},"101":{"loc":{"start":{"line":251,"column":23},"end":{"line":251,"column":61}},"type":"cond-expr","locations":[{"start":{"line":251,"column":28},"end":{"line":251,"column":52}},{"start":{"line":251,"column":23},"end":{"line":251,"column":61}}]},"102":{"loc":{"start":{"line":251,"column":23},"end":{"line":251,"column":52}},"type":"binary-expr","locations":[{"start":{"line":251,"column":23},"end":{"line":251,"column":54}},{"start":{"line":251,"column":23},"end":{"line":251,"column":52}}]},"103":{"loc":{"start":{"line":275,"column":4},"end":{"line":281,"column":5}},"type":"if","locations":[{"start":{"line":275,"column":4},"end":{"line":281,"column":5}},{"start":{"line":278,"column":11},"end":{"line":281,"column":5}}]},"104":{"loc":{"start":{"line":286,"column":4},"end":{"line":286,"column":50}},"type":"default-arg","locations":[{"start":{"line":286,"column":42},"end":{"line":286,"column":50}}]},"105":{"loc":{"start":{"line":290,"column":4},"end":{"line":294,"column":5}},"type":"if","locations":[{"start":{"line":290,"column":4},"end":{"line":294,"column":5}},{"start":{"line":292,"column":11},"end":{"line":294,"column":5}}]},"106":{"loc":{"start":{"line":332,"column":6},"end":{"line":349,"column":7}},"type":"if","locations":[{"start":{"line":332,"column":6},"end":{"line":349,"column":7}},{"start":{"line":346,"column":13},"end":{"line":349,"column":7}}]},"107":{"loc":{"start":{"line":348,"column":27},"end":{"line":348,"column":39}},"type":"cond-expr","locations":[{"start":{"line":348,"column":30},"end":{"line":348,"column":32}},{"start":{"line":348,"column":27},"end":{"line":348,"column":39}}]},"108":{"loc":{"start":{"line":348,"column":27},"end":{"line":348,"column":32}},"type":"binary-expr","locations":[{"start":{"line":348,"column":27},"end":{"line":348,"column":32}},{"start":{"line":348,"column":27},"end":{"line":348,"column":32}}]},"109":{"loc":{"start":{"line":352,"column":22},"end":{"line":352,"column":87}},"type":"cond-expr","locations":[{"start":{"line":352,"column":61},"end":{"line":352,"column":65}},{"start":{"line":352,"column":65},"end":{"line":352,"column":87}}]},"110":{"loc":{"start":{"line":352,"column":22},"end":{"line":352,"column":65}},"type":"binary-expr","locations":[{"start":{"line":352,"column":22},"end":{"line":352,"column":65}},{"start":{"line":352,"column":61},"end":{"line":352,"column":65}}]},"111":{"loc":{"start":{"line":352,"column":23},"end":{"line":352,"column":61}},"type":"cond-expr","locations":[{"start":{"line":352,"column":28},"end":{"line":352,"column":52}},{"start":{"line":352,"column":23},"end":{"line":352,"column":61}}]},"112":{"loc":{"start":{"line":352,"column":23},"end":{"line":352,"column":52}},"type":"binary-expr","locations":[{"start":{"line":352,"column":23},"end":{"line":352,"column":54}},{"start":{"line":352,"column":23},"end":{"line":352,"column":52}}]},"113":{"loc":{"start":{"line":382,"column":23},"end":{"line":382,"column":64}},"type":"cond-expr","locations":[{"start":{"line":382,"column":50},"end":{"line":382,"column":54}},{"start":{"line":382,"column":54},"end":{"line":382,"column":64}}]},"114":{"loc":{"start":{"line":382,"column":23},"end":{"line":382,"column":54}},"type":"binary-expr","locations":[{"start":{"line":382,"column":23},"end":{"line":382,"column":54}},{"start":{"line":382,"column":50},"end":{"line":382,"column":54}}]},"115":{"loc":{"start":{"line":382,"column":23},"end":{"line":382,"column":50}},"type":"cond-expr","locations":[{"start":{"line":382,"column":42},"end":{"line":382,"column":44}},{"start":{"line":382,"column":42},"end":{"line":382,"column":50}}]},"116":{"loc":{"start":{"line":382,"column":23},"end":{"line":382,"column":44}},"type":"binary-expr","locations":[{"start":{"line":382,"column":23},"end":{"line":382,"column":44}},{"start":{"line":382,"column":42},"end":{"line":382,"column":44}}]},"117":{"loc":{"start":{"line":382,"column":23},"end":{"line":382,"column":42}},"type":"cond-expr","locations":[{"start":{"line":382,"column":30},"end":{"line":382,"column":32}},{"start":{"line":382,"column":23},"end":{"line":382,"column":42}}]},"118":{"loc":{"start":{"line":382,"column":23},"end":{"line":382,"column":32}},"type":"binary-expr","locations":[{"start":{"line":382,"column":23},"end":{"line":382,"column":32}},{"start":{"line":382,"column":23},"end":{"line":382,"column":32}}]},"119":{"loc":{"start":{"line":383,"column":22},"end":{"line":383,"column":49}},"type":"cond-expr","locations":[{"start":{"line":383,"column":41},"end":{"line":383,"column":43}},{"start":{"line":383,"column":41},"end":{"line":383,"column":49}}]},"120":{"loc":{"start":{"line":383,"column":22},"end":{"line":383,"column":43}},"type":"binary-expr","locations":[{"start":{"line":383,"column":22},"end":{"line":383,"column":43}},{"start":{"line":383,"column":41},"end":{"line":383,"column":43}}]},"121":{"loc":{"start":{"line":383,"column":22},"end":{"line":383,"column":41}},"type":"cond-expr","locations":[{"start":{"line":383,"column":29},"end":{"line":383,"column":31}},{"start":{"line":383,"column":22},"end":{"line":383,"column":41}}]},"122":{"loc":{"start":{"line":383,"column":22},"end":{"line":383,"column":31}},"type":"binary-expr","locations":[{"start":{"line":383,"column":22},"end":{"line":383,"column":31}},{"start":{"line":383,"column":22},"end":{"line":383,"column":31}}]},"123":{"loc":{"start":{"line":384,"column":22},"end":{"line":384,"column":41}},"type":"cond-expr","locations":[{"start":{"line":384,"column":29},"end":{"line":384,"column":31}},{"start":{"line":384,"column":22},"end":{"line":384,"column":41}}]},"124":{"loc":{"start":{"line":384,"column":22},"end":{"line":384,"column":31}},"type":"binary-expr","locations":[{"start":{"line":384,"column":22},"end":{"line":384,"column":31}},{"start":{"line":384,"column":22},"end":{"line":384,"column":31}}]},"125":{"loc":{"start":{"line":391,"column":6},"end":{"line":405,"column":7}},"type":"if","locations":[{"start":{"line":391,"column":6},"end":{"line":405,"column":7}},{"start":{"line":402,"column":13},"end":{"line":405,"column":7}}]},"126":{"loc":{"start":{"line":401,"column":10},"end":{"line":401,"column":96}},"type":"cond-expr","locations":[{"start":{"line":401,"column":90},"end":{"line":401,"column":94}},{"start":{"line":401,"column":94},"end":{"line":401,"column":96}}]},"127":{"loc":{"start":{"line":401,"column":10},"end":{"line":401,"column":94}},"type":"binary-expr","locations":[{"start":{"line":401,"column":10},"end":{"line":401,"column":94}},{"start":{"line":401,"column":90},"end":{"line":401,"column":94}}]},"128":{"loc":{"start":{"line":401,"column":10},"end":{"line":401,"column":90}},"type":"cond-expr","locations":[{"start":{"line":401,"column":67},"end":{"line":401,"column":69}},{"start":{"line":401,"column":67},"end":{"line":401,"column":90}}]},"129":{"loc":{"start":{"line":401,"column":10},"end":{"line":401,"column":69}},"type":"binary-expr","locations":[{"start":{"line":401,"column":10},"end":{"line":401,"column":69}},{"start":{"line":401,"column":67},"end":{"line":401,"column":69}}]},"130":{"loc":{"start":{"line":401,"column":11},"end":{"line":401,"column":67}},"type":"cond-expr","locations":[{"start":{"line":401,"column":22},"end":{"line":401,"column":58}},{"start":{"line":401,"column":11},"end":{"line":401,"column":67}}]},"131":{"loc":{"start":{"line":401,"column":11},"end":{"line":401,"column":58}},"type":"binary-expr","locations":[{"start":{"line":401,"column":11},"end":{"line":401,"column":60}},{"start":{"line":401,"column":11},"end":{"line":401,"column":58}}]},"132":{"loc":{"start":{"line":408,"column":22},"end":{"line":408,"column":87}},"t
[...]
5}},"13":{"start":{"line":35,"column":6},"end":{"line":35,"column":74}},"14":{"start":{"line":40,"column":4},"end":{"line":42,"column":5}},"15":{"start":{"line":41,"column":6},"end":{"line":41,"column":86}},"16":{"start":{"line":43,"column":25},"end":{"line":51,"column":6}},"17":{"start":{"line":52,"column":40},"end":{"line":54,"column":6}},"18":{"start":{"line":55,"column":4},"end":{"line":57,"column":5}},"19":{"start":{"line":56,"column":6},"end":{"line":56,"column":58}},"20":{"start":{"line":58,"column":39},"end":{"line":58,"column":71}},"21":{"start":{"line":60,"column":17},"end":{"line":65,"column":6}},"22":{"start":{"line":66,"column":32},"end":{"line":66,"column":93}},"23":{"start":{"line":67,"column":19},"end":{"line":71,"column":6}},"24":{"start":{"line":72,"column":17},"end":{"line":72,"column":77}},"25":{"start":{"line":73,"column":4},"end":{"line":80,"column":5}},"26":{"start":{"line":74,"column":26},"end":{"line":78,"column":8}},"27":{"start":{"line":79,"column":6},"end":{"line":79,"column":97}},"28":{"start":{"line":81,"column":4},"end":{"line":81,"column":43}},"29":{"start":{"line":85,"column":4},"end":{"line":102,"column":5}},"30":{"start":{"line":86,"column":41},"end":{"line":86,"column":73}},"31":{"start":{"line":87,"column":19},"end":{"line":92,"column":8}},"32":{"start":{"line":93,"column":34},"end":{"line":93,"column":95}},"33":{"start":{"line":94,"column":21},"end":{"line":98,"column":8}},"34":{"start":{"line":99,"column":6},"end":{"line":99,"column":65}},"35":{"start":{"line":101,"column":6},"end":{"line":101,"column":74}},"36":{"start":{"line":9,"column":0},"end":{"line":9,"column":13}}},"fnMap":{"0":{"name":"(anonymous_7)","decl":{"start":{"line":10,"column":8},"end":{"line":10,"column":23}},"loc":{"start":{"line":10,"column":71},"end":{"line":37,"column":null}}},"1":{"name":"(anonymous_9)","decl":{"start":{"line":39,"column":8},"end":{"line":39,"column":18}},"loc":{"start":{"line":39,"column":61},"end":{"line":82,"column":null}}},"2":{"name":"(anonymous_11)","decl":{"start":{"line":84,"column":8},"end":{"line":84,"column":22}},"loc":{"start":{"line":84,"column":69},"end":{"line":103,"column":null}}}},"branchMap":{"0":{"loc":{"start":{"line":35,"column":22},"end":{"line":35,"column":72}},"type":"cond-expr","locations":[{"start":{"line":35,"column":47},"end":{"line":35,"column":51}},{"start":{"line":35,"column":51},"end":{"line":35,"column":72}}]},"1":{"loc":{"start":{"line":35,"column":22},"end":{"line":35,"column":51}},"type":"binary-expr","locations":[{"start":{"line":35,"column":22},"end":{"line":35,"column":51}},{"start":{"line":35,"column":47},"end":{"line":35,"column":51}}]},"2":{"loc":{"start":{"line":35,"column":23},"end":{"line":35,"column":47}},"type":"cond-expr","locations":[{"start":{"line":35,"column":28},"end":{"line":35,"column":38}},{"start":{"line":35,"column":23},"end":{"line":35,"column":47}}]},"3":{"loc":{"start":{"line":35,"column":23},"end":{"line":35,"column":38}},"type":"binary-expr","locations":[{"start":{"line":35,"column":23},"end":{"line":35,"column":40}},{"start":{"line":35,"column":23},"end":{"line":35,"column":38}}]},"4":{"loc":{"start":{"line":40,"column":4},"end":{"line":42,"column":5}},"type":"if","locations":[{"start":{"line":40,"column":4},"end":{"line":42,"column":5}}]},"5":{"loc":{"start":{"line":55,"column":4},"end":{"line":57,"column":5}},"type":"if","locations":[{"start":{"line":55,"column":4},"end":{"line":57,"column":5}}]},"6":{"loc":{"start":{"line":72,"column":21},"end":{"line":72,"column":43}},"type":"cond-expr","locations":[{"start":{"line":72,"column":37},"end":{"line":72,"column":41}},{"start":{"line":72,"column":41},"end":{"line":72,"column":43}}]},"7":{"loc":{"start":{"line":72,"column":21},"end":{"line":72,"column":41}},"type":"binary-expr","locations":[{"start":{"line":72,"column":21},"end":{"line":72,"column":41}},{"start":{"line":72,"column":37},"end":{"line":72,"column":41}}]},"8":{"loc":{"start":{"line":73,"column":4},"end":{"line":80,"column":5}},"type":"if","locations":[{"start":{"line":73,"column":4},"end":{"line":80,"column":5}}]},"9":{"loc":{"start":{"line":73,"column":8},"end":{"line":73,"column":41}},"type":"cond-expr","locations":[{"start":{"line":73,"column":33},"end":{"line":73,"column":35}},{"start":{"line":73,"column":33},"end":{"line":73,"column":41}}]},"10":{"loc":{"start":{"line":73,"column":8},"end":{"line":73,"column":35}},"type":"binary-expr","locations":[{"start":{"line":73,"column":8},"end":{"line":73,"column":35}},{"start":{"line":73,"column":33},"end":{"line":73,"column":35}}]},"11":{"loc":{"start":{"line":73,"column":8},"end":{"line":73,"column":33}},"type":"cond-expr","locations":[{"start":{"line":73,"column":27},"end":{"line":73,"column":29}},{"start":{"line":73,"column":8},"end":{"line":73,"column":33}}]},"12":{"loc":{"start":{"line":73,"column":8},"end":{"line":73,"column":29}},"type":"binary-expr","locations":[{"start":{"line":73,"column":8},"end":{"line":73,"column":29}},{"start":{"line":73,"column":8},"end":{"line":73,"column":29}}]},"13":{"loc":{"start":{"line":79,"column":30},"end":{"line":79,"column":57}},"type":"cond-expr","locations":[{"start":{"line":79,"column":51},"end":{"line":79,"column":55}},{"start":{"line":79,"column":55},"end":{"line":79,"column":57}}]},"14":{"loc":{"start":{"line":79,"column":30},"end":{"line":79,"column":55}},"type":"binary-expr","locations":[{"start":{"line":79,"column":30},"end":{"line":79,"column":55}},{"start":{"line":79,"column":51},"end":{"line":79,"column":55}}]},"15":{"loc":{"start":{"line":101,"column":22},"end":{"line":101,"column":72}},"type":"cond-expr","locations":[{"start":{"line":101,"column":47},"end":{"line":101,"column":51}},{"start":{"line":101,"column":51},"end":{"line":101,"column":72}}]},"16":{"loc":{"start":{"line":101,"column":22},"end":{"line":101,"column":51}},"type":"binary-expr","locations":[{"start":{"line":101,"column":22},"end":{"line":101,"column":51}},{"start":{"line":101,"column":47},"end":{"line":101,"column":51}}]},"17":{"loc":{"start":{"line":101,"column":23},"end":{"line":101,"column":47}},"type":"cond-expr","locations":[{"start":{"line":101,"column":28},"end":{"line":101,"column":38}},{"start":{"line":101,"column":23},"end":{"line":101,"column":47}}]},"18":{"loc":{"start":{"line":101,"column":23},"end":{"line":101,"column":38}},"type":"binary-expr","locations":[{"start":{"line":101,"column":23},"end":{"line":101,"column":40}},{"start":{"line":101,"column":23},"end":{"line":101,"column":38}}]}},"s":{"0":7,"1":7,"2":7,"3":7,"4":7,"5":7,"6":2,"7":2,"8":2,"9":2,"10":1,"11":1,"12":1,"13":1,"14":3,"15":1,"16":2,"17":2,"18":2,"19":1,"20":1,"21":1,"22":1,"23":1,"24":1,"25":1,"26":0,"27":0,"28":1,"29":2,"30":2,"31":2,"32":1,"33":1,"34":1,"35":1,"36":7},"f":{"0":2,"1":3,"2":2},"b":{"0":[1,0],"1":[1,1],"2":[0,1],"3":[1,1],"4":[1],"5":[1],"6":[1,0],"7":[1,1],"8":[0],"9":[0,1],"10":[1,1],"11":[0,1],"12":[1,1],"13":[0,0],"14":[0,0],"15":[1,0],"16":[1,1],"17":[0,1],"18":[1,1]}}
,"/home/ulap206/@kor-protocol/core-sdk/src/utils/index.ts": {"path":"/home/ulap206/@kor-protocol/core-sdk/src/utils/index.ts","statementMap":{"0":{"start":{"line":1,"column":0},"end":{"line":1,"column":52}},"1":{"start":{"line":2,"column":0},"end":{"line":2,"column":61}},"2":{"start":{"line":4,"column":13},"end":{"line":4,"column":80}},"3":{"start":{"line":6,"column":13},"end":{"line":6,"column":25}},"4":{"start":{"line":8,"column":25},"end":{"line":10,"column":1}},"5":{"start":{"line":9,"column":2},"end":{"line":9,"column":21}},"6":{"start":{"line":8,"column":13},"end":{"line":8,"column":25}},"7":{"start":{"line":12,"column":25},"end":{"line":12,"column":37}},"8":{"start":{"line":12,"column":31},"end":{"line":12,"column":37}},"9":{"start":{"line":12,"column":13},"end":{"line":12,"column":25}},"10":{"start":{"line":14,"column":40},"end":{"line":25,"column":2}},"11":{"start":{"line":14,"column":51},"end":{"line":25,"column":2}},"12":{"start":{"line":15,"column":2},"end":{"line":15,"column":32}},"13":{"start":{"line":17,"column":29},"end":{"line":17,"column":53}},"14":{"start":{"line":18,"column":2},"end":{"line":20,"column":3}},"15":{"start":{"line":19,"column":4},"end":{"line":19,"column":37}},"16":{"start":{"line":21,"column":2},"end":{"line":23,"column":3}},"17":{"start":{"line":22,"column":4},"end":{"line":22,"column":46}},"18":{"start":{"line":24,"column":2},"end":{"line":24,"column":21}},"19":{"start":{"line":14,"column":13},"end":{"line":14,"column":40}},"20":{"start":{"line":27,"column":36},"end":{"line":54,"column":1}},"21":{"start":{"line":35,"column":2},"end":{"line":44,"column":3}},"22":{"start":{"line":36,"column":4},"end":{"line":43,"column":6}},"23":{"start":{"line":46,"column":2},"end":{"line":53,"column":4}},"24":{"start":{"line":27,"column":13},"end":{"line":27,"column":36}},"25":{"start":{"line":56,"column":33},"end":{"line":68,"column":2}},"26":{"start":{"line":56,"column":66},"end":{"line":68,"column":2}},"27":{"start":{"line":57,"column":19},"end":{"line":61,"column":null}},"28":{"start":{"line":63,"column":2},"end":{"line":67,"column":3}},"29":{"start":{"line":64,"column":4},"end":{"line":64,"column":33}},"30":{"start":{"line":66,"column":4},"end":{"line":66,"column":88}},"31":{"start":{"line":56,"column":13},"end":{"line":56,"column":33}},"32":{"start":{"line":70,"column":45},"end":{"line":82,"column":2}},"33":{"start":{"line":70,"column":78},"end":{"line":82,"column":2}},"34":{"start":{"line":71,"column":19},"end":{"line":75,"column":null}},"35":{"start":{"line":77,"column":2},"end":{"line":81,"column":3}},"36":{"start":{"line":78,"column":4},"end":{"line":78,"column":33}},"37":{"start":{"line":80,"column":4},"end":{"line":80,"column":88}},"38":{"start":{"line":70,"column":13},"end":{"line":70,"column":45}},"39":{"start":{"line":84,"column":30},"end":{"line":95,"column":1}},"40":{"start":{"line":85,"column":27},"end":{"line":85,"column":42}},"41":{"start":{"line":88,"column":23},"end":{"line":88,"column":95}},"42":{"start":{"line":88,"column":49},"end":{"line":88,"column":94}},"43":{"start":{"line":90,"column":2},"end":{"line":94,"column":3}},"44":{"start":{"line":91,"column":4},"end":{"line":93,"column":6}},"45":{"start":{"line":84,"column":13},"end":{"line":84,"column":30}},"46":{"start":{"line":97,"column":26},"end":{"line":104,"column":1}},"47":{"start":{"line":98,"column":2},"end":{"line":103,"column":3}},"48":{"start":{"line":99,"column":4},"end":{"line":99,"column":17}},"49":{"start":{"line":100,"column":4},"end":{"line":100,"column":16}},"50":{"start":{"line":102,"column":4},"end":{"line":102,"column":64}},"51":{"start":{"line":97,"column":13},"end":{"line":97,"column":26}},"52":{"start":{"line":106,"column":29},"end":{"line":108,"column":1}},"53":{"start":{"line":107,"column":2},"end":{"line":107,"column":69}},"54":{"start":{"line":106,"column":13},"end":{"line":106,"column":29}}},"fnMap":{"0":{"name":"(anonymous_7)","decl":{"start":{"line":8,"column":25},"end":{"line":8,"column":26}},"loc":{"start":{"line":8,"column":47},"end":{"line":10,"column":1}}},"1":{"name":"(anonymous_8)","decl":{"start":{"line":12,"column":25},"end":{"line":12,"column":28}},"loc":{"start":{"line":12,"column":31},"end":{"line":12,"column":37}}},"2":{"name":"(anonymous_9)","decl":{"start":{"line":14,"column":40},"end":{"line":14,"column":49}},"loc":{"start":{"line":14,"column":51},"end":{"line":25,"column":2}}},"3":{"name":"(anonymous_10)","decl":{"start":{"line":14,"column":51},"end":{"line":14,"column":null}},"loc":{"start":{"line":14,"column":51},"end":{"line":25,"column":1}}},"4":{"name":"(anonymous_11)","decl":{"start":{"line":27,"column":36},"end":{"line":27,"column":null}},"loc":{"start":{"line":34,"column":4},"end":{"line":54,"column":1}}},"5":{"name":"(anonymous_12)","decl":{"start":{"line":56,"column":33},"end":{"line":56,"column":40}},"loc":{"start":{"line":56,"column":66},"end":{"line":68,"column":2}}},"6":{"name":"(anonymous_13)","decl":{"start":{"line":56,"column":66},"end":{"line":56,"column":null}},"loc":{"start":{"line":56,"column":66},"end":{"line":68,"column":1}}},"7":{"name":"(anonymous_14)","decl":{"start":{"line":70,"column":45},"end":{"line":70,"column":52}},"loc":{"start":{"line":70,"column":78},"end":{"line":82,"column":2}}},"8":{"name":"(anonymous_15)","decl":{"start":{"line":70,"column":78},"end":{"line":70,"column":null}},"loc":{"start":{"line":70,"column":78},"end":{"line":82,"column":1}}},"9":{"name":"(anonymous_16)","decl":{"start":{"line":84,"column":30},"end":{"line":84,"column":31}},"loc":{"start":{"line":84,"column":54},"end":{"line":95,"column":1}}},"10":{"name":"(anonymous_17)","decl":{"start":{"line":88,"column":38},"end":{"line":88,"column":39}},"loc":{"start":{"line":88,"column":49},"end":{"line":88,"column":94}}},"11":{"name":"(anonymous_18)","decl":{"start":{"line":97,"column":26},"end":{"line":97,"column":27}},"loc":{"start":{"line":97,"column":42},"end":{"line":104,"column":1}}},"12":{"name":"(anonymous_19)","decl":{"start":{"line":106,"column":29},"end":{"line":106,"column":32}},"loc":{"start":{"line":106,"column":34},"end":{"line":108,"column":1}}}},"branchMap":{"0":{"loc":{"start":{"line":18,"column":2},"end":{"line":20,"column":3}},"type":"if","locations":[{"start":{"line":18,"column":2},"end":{"line":20,"column":3}}]},"1":{"loc":{"start":{"line":21,"column":2},"end":{"line":23,"column":3}},"type":"if","locations":[{"start":{"line":21,"column":2},"end":{"line":23,"column":3}}]},"2":{"loc":{"start":{"line":35,"column":2},"end":{"line":44,"column":3}},"type":"if","locations":[{"start":{"line":35,"column":2},"end":{"line":44,"column":3}}]},"3":{"loc":{"start":{"line":58,"column":66},"end":{"line":58,"column":92}},"type":"cond-expr","locations":[{"start":{"line":58,"column":88},"end":{"line":58,"column":90}},{"start":{"line":58,"column":88},"end":{"line":58,"column":92}}]},"4":{"loc":{"start":{"line":58,"column":66},"end":{"line":58,"column":90}},"type":"binary-expr","locations":[{"start":{"line":58,"column":66},"end":{"line":58,"column":90}},{"start":{"line":58,"column":88},"end":{"line":58,"column":90}}]},"5":{"loc":{"start":{"line":58,"column":66},"end":{"line":58,"column":88}},"type":"cond-expr","locations":[{"start":{"line":58,"column":77},"end":{"line":58,"column":79}},{"start":{"line":58,"column":77},"end":{"line":58,"column":88}}]},"6":{"loc":{"start":{"line":58,"column":66},"end":{"line":58,"column":79}},"type":"binary-expr","locations":[{"start":{"line":58,"column":66},"end":{"line":58,"column":79}},{"start":{"line":58,"column":77},"end":{"line":58,"column":79}}]},"7":{"loc":{"start":{"line":63,"column":2},"end":{"line":67,"column":3}},"type":"if","locations":[{"start":{"line":63,"column":2},"end":{"line":67,"column":3}},{"start":{"line":65,"column":9},"end":{"line":67,"column":3}}]},"8":{"loc":{"start":{"line":66,"column":20},"end":{"line":66,"column":86}},"type":"cond-expr","locations":[{"start":{"line":66,"column":52},"end":{"line":66,"column":56}},{"start":{"line":66,"column":56},"end":{"line":66,"column":86}}]},"9":{"loc":{"start":{"line":66,"column":20},"end":{"line":66,"column":56}},"type":"binary-expr","locations":[{"start":{"line":66,"column":20},"end":{"line":66,"column":56}},{"start":{"line":66,"column":52},"end":{"line":66,"column":56}}]},"10":{"loc":{"start":{"line":66,"column":20},"end":{"line":66,"column":52}},"type":"cond-expr","locations":[{"start":{"line":66,"column":43},"end":{"line":66,"column":45}},{"start":{"line":66,"column":43},"end":{"line":66,"column":52}}]},"11":{"loc":{"start":{"line":66,"column":20},"end":{"line":66,"column":45}},"type":"binary-expr","locations":[{"start":{"line":66,"column":20},"end":{"line":66,"column":45}},{"start":{"line":66,"column":43},"end":{"line":66,"column":45}}]},"12":{"loc":{"start":{"line":72,"column":75},"end":{"line":72,"column":101}},"type":"cond-expr","locations":[{"start":{"line":72,"column":97},"end":{"line":72,"column":99}},{"start":{"line":72,"column":97},"end":{"line":72,"column":101}}]},"13":{"loc":{"start":{"line":72,"column":75},"end":{"line":72,"column":99}},"type":"binary-expr","locations":[{"start":{"line":72,"column":75},"end":{"line":72,"column":99}},{"start":{"line":72,"column":97},"end":{"line":72,"column":99}}]},"14":{"loc":{"start":{"line":72,"column":75},"end":{"line":72,"column":97}},"type":"cond-expr","locations":[{"start":{"line":72,"column":86},"end":{"line":72,"column":88}},{"start":{"line":72,"column":86},"end":{"line":72,"column":97}}]},"15":{"loc":{"start":{"line":72,"column":75},"end":{"line":72,"column":88}},"type":"binary-expr","locations":[{"start":{"line":72,"column":75},"end":{"line":72,"column":88}},{"start":{"line":72,"column":86},"end":{"line":72,"column":88}}]},"16":{"loc":{"start":{"line":77,"column":2},"end":{"line":81,"column":3}},"type":"if","locations":[{"start":{"line":77,"column":2},"end":{"line":81,"column":3}},{"start":{"line":79,"column":9},"end":{"line":81,"column":3}}]},"17":{"loc":{"start":{"line":80,"column":20},"end":{"line":80,"column":86}},"type":"cond-expr","locations":[{"start":{"line":80,"column":52},"end":{"line":80,"column":56}},{"start":{"line":80,"column":56},"end":{"line":80,"column":86}}]},"18":{"loc":{"start":{"line":80,"column":20},"end":{"line":80,"column":56}},"type":"binary-expr","locations":[{"start":{"line":80,"column":20},"end":{"line":80,"column":56}},{"start":{"line":80,"column":52},"end":{"line":80,"column":56}}]},"19":{"loc":{"start":{"line":80,"column":20},"end":{"line":80,"column":52}},"type":"cond-expr","locations":[{"start":{"line":80,"column":43},"end":{"line":80,"column":45}},{"start":{"line":80,"column":43},"end":{"line":80,"column":52}}]},"20":{"loc":{"start":{"line":80,"column":20},"end":{"line":80,"column":45}},"type":"binary-expr","locations":[{"start":{"line":80,"column":20},"end":{"line":80,"column":45}},{"start":{"line":80,"column":43},"end":{"line":80,"column":45}}]},"21":{"loc":{"start":{"line":88,"column":49},"end":{"line":88,"column":94}},"type":"binary-expr","locations":[{"start":{"line":88,"column":49},"end":{"line":88,"column":62}},{"start":{"line":88,"column":66},"end":{"line":88,"column":94}}]},"22":{"loc":{"start":{"line":90,"column":2},"end":{"line":94,"column":3}},"type":"if","locations":[{"start":{"line":90,"column":2},"end":{"line":94,"column":3}}]},"23":{"loc":{"start":{"line":102,"column":20},"end":{"line":102,"column":62}},"type":"cond-expr","locations":[{"start":{"line":102,"column":45},"end":{"line":102,"column":49}},{"start":{"line":102,"column":49},"end":{"line":102,"column":62}}]},"24":{"loc":{"start":{"line":102,"column":20},"end":{"line":102,"column":49}},"type":"binary-expr","locations":[{"start":{"line":102,"column":20},"end":{"line":102,"column":49}},{"start":{"line":102,"column":45},"end":{"line":102,"column":49}}]},"25":{"loc":{"start":{"line":102,"column":21},"end":{"line":102,"column":45}},"type":"cond-expr","locations":[{"start":{"line":102,"column":26},"end":{"line":102,"column":36}},{"start":{"line":102,"column":21},"end":{"line":102,"column":45}}]},"26":{"loc":{"start":{"line":102,"column":21},"end":{"line":102,"column":36}},"type":"binary-expr","locations":[{"start":{"line":102,"column":21},"end":{"line":102,"column":38}},{"start":{"line":102,"column":21},"end":{"line":102,"column":36}}]}},"s":{"0":1,"1":1,"2":1,"3":1,"4":1,"5":2,"6":1,"7":1,"8":4,"9":1,"10":1,"11":3,"12":3,"13":3,"14":3,"15":1,"16":2,"17":1,"18":1,"19":1,"20":1,"21":2,"22":1,"23":1,"24":1,"25":1,"26":2,"27":2,"28":2,"29":1,"30":1,"31":1,"32":1,"33":2,"34":2,"35":2,"36":1,"37":1,"38":1,"39":1,"40":3,"41":3,"42":6,"43":3,"44":2,"45":1,"46":1,"47":2,"48":2,"49":1,"50":1,"51":1,"52":1,"53":5,"54":1},"f":{"0":2,"1":4,"2":3,"3":3,"4":2,"5":2,"6":2,"7":2,"8":2,"9":3,"10":6,"11":2,"12":5},"b":{"0":[1],"1":[1],"2":[1],"3":[2,0],"4":[2,2],"5":[0,2],"6":[2,2],"7":[1,1],"8":[1,0],"9":[1,1],"10":[0,1],"11":[1,1],"12":[2,0],"13":[2,2],"14":[0,2],"15":[2,2],"16":[1,1],"17":[1,0],"18":[1,1],"19":[0,1],"20":[1,1],"21":[6,5],"22":[2],"23":[1,0],"24":[1,1],"25":[0,1],"26":[1,1]}}
}
