TN:
SF:src/main.ts
FN:3,(anonymous_0)
FNF:1
FNH:1
FNDA:2,(anonymous_0)
DA:1,1
DA:3,1
DA:4,2
DA:5,1
DA:7,1
LF:5
LH:5
BRDA:4,0,0,1
BRDA:4,0,1,1
BRF:2
BRH:2
end_of_record
TN:
SF:src/vite-env.d.ts
FNF:0
FNH:0
LF:0
LH:0
BRF:0
BRH:0
end_of_record
TN:
SF:src/module/base.ts
FN:3,(anonymous_0)
FN:4,(anonymous_1)
FNF:2
FNH:2
FNDA:2,(anonymous_0)
FNDA:1,(anonymous_1)
DA:1,2
DA:3,2
DA:4,2
LF:3
LH:3
BRF:0
BRH:0
end_of_record
TN:
SF:src/module/asset/asset.ts
FN:3,(anonymous_7)
FN:49,(anonymous_8)
FN:49,(anonymous_9)
FN:52,(anonymous_10)
FN:97,(anonymous_11)
FN:97,(anonymous_12)
FN:130,(anonymous_13)
FN:130,(anonymous_14)
FN:154,(anonymous_15)
FN:154,(anonymous_16)
FN:158,(anonymous_17)
FN:14,(anonymous_18)
FNF:12
FNH:12
FNDA:21,(anonymous_7)
FNDA:3,(anonymous_8)
FNDA:3,(anonymous_9)
FNDA:4,(anonymous_10)
FNDA:6,(anonymous_11)
FNDA:6,(anonymous_12)
FNDA:3,(anonymous_13)
FNDA:3,(anonymous_14)
FNDA:4,(anonymous_15)
FNDA:4,(anonymous_16)
FNDA:6,(anonymous_17)
FNDA:5,(anonymous_18)
DA:3,6
DA:18,5
DA:19,5
DA:20,5
DA:21,5
DA:22,3
DA:23,2
DA:24,2
DA:26,2
DA:27,2
DA:30,2
DA:31,1
DA:34,2
DA:36,1
DA:37,1
DA:49,21
DA:50,3
DA:51,3
DA:52,3
DA:53,4
DA:60,4
DA:62,4
DA:65,3
DA:68,3
DA:69,3
DA:70,3
DA:72,3
DA:80,2
DA:81,2
DA:83,2
DA:85,1
DA:97,21
DA:98,6
DA:99,6
DA:100,3
DA:101,3
DA:103,3
DA:115,2
DA:116,1
DA:117,1
DA:120,2
DA:130,21
DA:131,3
DA:132,3
DA:133,3
DA:134,3
DA:135,3
DA:137,3
DA:145,1
DA:146,1
DA:148,1
DA:150,2
DA:154,21
DA:155,4
DA:156,4
DA:158,4
DA:159,6
DA:163,6
DA:167,6
DA:169,4
DA:172,4
DA:173,4
DA:174,4
DA:176,4
DA:184,2
DA:185,2
DA:187,2
DA:189,2
LF:68
LH:68
BRDA:99,0,0,3
BRDA:99,1,0,6
BRDA:99,1,1,4
BRDA:150,2,0,2
BRDA:150,2,1,1
BRDA:189,3,0,2
BRDA:189,3,1,1
BRDA:21,4,0,3
BRDA:21,5,0,5
BRDA:21,5,1,3
BRDA:21,5,2,1
BRDA:26,6,0,2
BRDA:30,7,0,1
BRF:13
BRH:13
end_of_record
