TN:
SF:src/main.ts
FN:18,(anonymous_11)
FN:20,(anonymous_12)
FN:22,(anonymous_13)
FN:24,(anonymous_14)
FN:27,(anonymous_15)
FN:41,(anonymous_16)
FN:41,(anonymous_17)
FNF:7
FNH:7
FNDA:1,(anonymous_11)
FNDA:1,(anonymous_12)
FNDA:45,(anonymous_13)
FNDA:6,(anonymous_14)
FNDA:6,(anonymous_15)
FNDA:6,(anonymous_16)
FNDA:6,(anonymous_17)
DA:1,7
DA:2,7
DA:4,7
DA:5,7
DA:14,7
DA:17,7
DA:18,7
DA:20,7
DA:22,45
DA:24,7
DA:27,6
DA:28,6
DA:29,6
DA:30,1
DA:32,6
DA:33,6
DA:34,6
DA:35,5
DA:37,1
DA:41,7
DA:42,6
DA:55,7
LF:22
LH:22
BRDA:29,0,0,1
BRDA:34,1,0,5
BRDA:34,1,1,1
BRF:3
BRH:3
end_of_record
TN:
SF:src/vite-env.d.ts
FNF:0
FNH:0
LF:0
LH:0
BRF:0
BRH:0
end_of_record
TN:
SF:src/abis/ip-module.ts
FNF:0
FNH:0
DA:1,5
DA:398,5
LF:2
LH:2
BRF:0
BRH:0
end_of_record
TN:
SF:src/abis/nft-module.ts
FNF:0
FNH:0
DA:1,3
DA:310,3
LF:2
LH:2
BRF:0
BRH:0
end_of_record
TN:
SF:src/module/base.ts
FN:17,(anonymous_7)
FN:23,(anonymous_8)
FN:23,(anonymous_9)
FN:27,(anonymous_10)
FN:27,(anonymous_11)
FN:31,(anonymous_12)
FN:31,(anonymous_13)
FN:35,(anonymous_14)
FN:35,(anonymous_15)
FN:39,(anonymous_16)
FN:39,(anonymous_17)
FN:43,(anonymous_18)
FN:43,(anonymous_19)
FN:47,(anonymous_20)
FN:47,(anonymous_21)
FNF:15
FNH:15
FNDA:75,(anonymous_7)
FNDA:1,(anonymous_8)
FNDA:1,(anonymous_9)
FNDA:1,(anonymous_10)
FNDA:1,(anonymous_11)
FNDA:1,(anonymous_12)
FNDA:1,(anonymous_13)
FNDA:1,(anonymous_14)
FNDA:1,(anonymous_15)
FNDA:1,(anonymous_16)
FNDA:1,(anonymous_17)
FNDA:1,(anonymous_18)
FNDA:1,(anonymous_19)
FNDA:1,(anonymous_20)
FNDA:1,(anonymous_21)
DA:10,7
DA:11,7
DA:12,7
DA:14,7
DA:15,75
DA:16,75
DA:18,75
DA:19,75
DA:20,75
DA:23,75
DA:24,1
DA:27,75
DA:28,1
DA:31,75
DA:32,1
DA:35,75
DA:36,1
DA:39,75
DA:40,1
DA:43,75
DA:44,1
DA:47,75
DA:48,1
LF:23
LH:23
BRF:0
BRH:0
end_of_record
TN:
SF:src/module/asset/asset.ts
FN:8,(anonymous_7)
FN:224,(anonymous_8)
FN:224,(anonymous_9)
FN:225,(anonymous_10)
FN:390,(anonymous_11)
FN:392,(anonymous_12)
FN:424,(anonymous_13)
FN:427,(anonymous_14)
FN:473,(anonymous_15)
FN:473,(anonymous_16)
FN:499,(anonymous_17)
FN:499,(anonymous_18)
FN:503,(anonymous_19)
FN:540,(anonymous_20)
FN:548,(anonymous_21)
FN:27,(anonymous_22)
FN:28,(anonymous_23)
FN:58,(anonymous_24)
FN:90,(anonymous_26)
FN:114,(anonymous_28)
FN:136,(anonymous_30)
FN:159,(anonymous_32)
FN:188,(anonymous_34)
FN:191,(anonymous_36)
FN:196,(anonymous_37)
FN:196,(anonymous_38)
FN:238,(anonymous_39)
FN:253,(anonymous_41)
FN:254,(anonymous_42)
FN:261,(anonymous_43)
FN:269,(anonymous_44)
FN:288,(anonymous_45)
FN:291,(anonymous_47)
FN:329,(anonymous_48)
FN:335,(anonymous_50)
FNF:35
FNH:35
FNDA:75,(anonymous_7)
FNDA:7,(anonymous_8)
FNDA:7,(anonymous_9)
FNDA:8,(anonymous_10)
FNDA:4,(anonymous_11)
FNDA:4,(anonymous_12)
FNDA:5,(anonymous_13)
FNDA:5,(anonymous_14)
FNDA:3,(anonymous_15)
FNDA:3,(anonymous_16)
FNDA:4,(anonymous_17)
FNDA:4,(anonymous_18)
FNDA:6,(anonymous_19)
FNDA:3,(anonymous_20)
FNDA:3,(anonymous_21)
FNDA:4,(anonymous_22)
FNDA:4,(anonymous_23)
FNDA:4,(anonymous_24)
FNDA:2,(anonymous_26)
FNDA:4,(anonymous_28)
FNDA:4,(anonymous_30)
FNDA:6,(anonymous_32)
FNDA:4,(anonymous_34)
FNDA:4,(anonymous_36)
FNDA:4,(anonymous_37)
FNDA:4,(anonymous_38)
FNDA:2,(anonymous_39)
FNDA:3,(anonymous_41)
FNDA:3,(anonymous_42)
FNDA:2,(anonymous_43)
FNDA:1,(anonymous_44)
FNDA:4,(anonymous_45)
FNDA:4,(anonymous_47)
FNDA:6,(anonymous_48)
FNDA:6,(anonymous_50)
DA:1,7
DA:2,7
DA:5,7
DA:6,7
DA:8,7
DA:28,4
DA:32,4
DA:33,2
DA:34,2
DA:37,2
DA:39,2
DA:40,1
DA:42,1
DA:63,4
DA:64,4
DA:65,2
DA:66,1
DA:68,1
DA:70,2
DA:71,2
DA:72,1
DA:74,1
DA:77,4
DA:91,2
DA:92,2
DA:93,2
DA:94,2
DA:99,1
DA:100,1
DA:103,1
DA:104,1
DA:115,4
DA:116,1
DA:118,3
DA:119,3
DA:128,1
DA:129,1
DA:130,1
DA:132,2
DA:137,4
DA:138,1
DA:140,3
DA:141,3
DA:150,1
DA:151,1
DA:155,2
DA:160,6
DA:161,6
DA:162,6
DA:171,3
DA:172,3
DA:173,3
DA:174,3
DA:179,3
DA:182,3
DA:184,3
DA:189,4
DA:190,4
DA:191,4
DA:192,4
DA:195,4
DA:196,4
DA:197,4
DA:206,1
DA:207,1
DA:212,1
DA:218,1
DA:220,3
DA:224,75
DA:225,8
DA:229,7
DA:235,7
DA:243,2
DA:244,2
DA:245,1
DA:246,1
DA:248,1
DA:249,1
DA:254,3
DA:258,3
DA:259,3
DA:260,2
DA:261,2
DA:266,2
DA:268,1
DA:269,1
DA:274,1
DA:277,3
DA:289,4
DA:290,4
DA:291,4
DA:292,4
DA:296,4
DA:298,4
DA:301,4
DA:304,4
DA:305,4
DA:309,4
DA:311,4
DA:319,1
DA:320,1
DA:322,1
DA:324,3
DA:325,3
DA:333,6
DA:334,6
DA:335,6
DA:336,6
DA:340,6
DA:343,6
DA:346,6
DA:347,6
DA:360,4
DA:362,4
DA:363,3
DA:365,3
DA:371,3
DA:374,1
DA:376,3
DA:378,3
DA:390,75
DA:392,4
DA:393,4
DA:394,4
DA:395,3
DA:399,3
DA:401,3
DA:413,1
DA:414,1
DA:415,1
DA:417,1
DA:420,3
DA:424,75
DA:427,5
DA:428,5
DA:429,5
DA:430,4
DA:434,4
DA:435,4
DA:436,4
DA:437,4
DA:446,3
DA:447,1
DA:448,1
DA:453,1
DA:456,2
DA:458,1
DA:460,1
DA:463,4
DA:473,75
DA:474,3
DA:475,3
DA:476,3
DA:477,3
DA:481,3
DA:483,3
DA:491,1
DA:492,1
DA:493,1
DA:495,2
DA:499,75
DA:500,4
DA:501,4
DA:503,4
DA:504,6
DA:507,6
DA:511,6
DA:513,4
DA:516,4
DA:517,4
DA:521,3
DA:523,3
DA:531,2
DA:532,2
DA:534,2
DA:536,2
DA:540,75
DA:548,3
DA:549,3
DA:550,3
DA:558,2
DA:559,1
DA:562,1
LF:183
LH:183
BRDA:394,0,0,3
BRDA:394,0,1,1
BRDA:420,1,0,2
BRDA:420,1,1,1
BRDA:420,2,0,3
BRDA:420,2,1,3
BRDA:420,3,0,1
BRDA:420,3,1,2
BRDA:420,4,0,3
BRDA:420,4,1,3
BRDA:429,5,0,4
BRDA:429,5,1,1
BRDA:442,6,0,2
BRDA:442,6,1,2
BRDA:442,7,0,4
BRDA:442,7,1,4
BRDA:443,8,0,2
BRDA:443,8,1,2
BRDA:443,9,0,4
BRDA:443,9,1,4
BRDA:446,10,0,1
BRDA:446,10,1,2
BRDA:454,11,0,1
BRDA:454,11,1,0
BRDA:454,12,0,1
BRDA:454,12,1,1
BRDA:463,13,0,3
BRDA:463,13,1,1
BRDA:463,14,0,4
BRDA:463,14,1,4
BRDA:495,15,0,2
BRDA:495,15,1,1
BRDA:495,16,0,1
BRDA:495,16,1,1
BRDA:495,17,0,2
BRDA:495,17,1,2
BRDA:504,18,0,2
BRDA:504,18,1,4
BRDA:536,19,0,2
BRDA:536,19,1,1
BRDA:536,20,0,1
BRDA:536,20,1,1
BRDA:536,21,0,2
BRDA:536,21,1,2
BRDA:558,22,0,1
BRDA:29,23,0,0
BRDA:32,24,0,2
BRDA:39,25,0,1
BRDA:39,25,1,1
BRDA:64,26,0,2
BRDA:64,26,1,2
BRDA:65,27,0,1
BRDA:65,27,1,1
BRDA:70,28,0,2
BRDA:71,29,0,1
BRDA:71,29,1,1
BRDA:92,30,0,2
BRDA:105,31,0,1
BRDA:105,31,1,0
BRDA:115,32,0,1
BRDA:132,33,0,2
BRDA:132,33,1,1
BRDA:137,34,0,1
BRDA:152,35,0,1
BRDA:152,35,1,0
BRDA:152,36,0,1
BRDA:152,36,1,1
BRDA:152,37,0,0
BRDA:152,37,1,1
BRDA:152,38,0,1
BRDA:152,38,1,1
BRDA:155,39,0,2
BRDA:155,39,1,1
BRDA:155,40,0,1
BRDA:155,40,1,1
BRDA:155,41,0,2
BRDA:155,41,1,2
BRDA:167,42,0,3
BRDA:167,42,1,3
BRDA:167,43,0,6
BRDA:167,43,1,6
BRDA:167,44,0,3
BRDA:167,44,1,3
BRDA:167,45,0,6
BRDA:167,45,1,6
BRDA:168,46,0,3
BRDA:168,46,1,3
BRDA:168,47,0,6
BRDA:168,47,1,6
BRDA:168,48,0,3
BRDA:168,48,1,3
BRDA:168,49,0,6
BRDA:168,49,1,6
BRDA:172,50,0,3
BRDA:180,51,0,1
BRDA:180,51,1,2
BRDA:180,52,0,3
BRDA:180,52,1,3
BRDA:180,53,0,2
BRDA:180,53,1,1
BRDA:180,54,0,3
BRDA:180,54,1,3
BRDA:180,55,0,1
BRDA:180,55,1,2
BRDA:180,56,0,3
BRDA:180,56,1,3
BRDA:184,57,0,3
BRDA:184,57,1,2
BRDA:184,58,0,1
BRDA:184,58,1,2
BRDA:184,59,0,3
BRDA:184,59,1,3
BRDA:202,60,0,1
BRDA:202,60,1,3
BRDA:202,61,0,4
BRDA:202,61,1,4
BRDA:202,62,0,3
BRDA:202,62,1,1
BRDA:202,63,0,4
BRDA:202,63,1,4
BRDA:203,64,0,1
BRDA:203,64,1,3
BRDA:203,65,0,4
BRDA:203,65,1,4
BRDA:203,66,0,3
BRDA:203,66,1,1
BRDA:203,67,0,4
BRDA:203,67,1,4
BRDA:213,68,0,1
BRDA:213,68,1,0
BRDA:213,69,0,1
BRDA:213,69,1,1
BRDA:220,70,0,3
BRDA:220,70,1,2
BRDA:220,71,0,1
BRDA:220,71,1,2
BRDA:220,72,0,3
BRDA:220,72,1,3
BRDA:244,73,0,1
BRDA:244,73,1,1
BRDA:255,74,0,1
BRDA:259,75,0,2
BRDA:259,75,1,1
BRDA:325,76,0,1
BRDA:325,76,1,2
BRDA:325,77,0,3
BRDA:325,77,1,3
BRDA:325,78,0,1
BRDA:325,78,1,2
BRDA:325,79,0,3
BRDA:325,79,1,3
BRDA:355,80,0,4
BRDA:355,80,1,2
BRDA:355,81,0,6
BRDA:355,81,1,6
BRDA:355,82,0,2
BRDA:355,82,1,4
BRDA:355,83,0,6
BRDA:355,83,1,6
BRDA:356,84,0,2
BRDA:356,84,1,4
BRDA:356,85,0,6
BRDA:356,85,1,6
BRDA:357,86,0,2
BRDA:357,86,1,4
BRDA:357,87,0,6
BRDA:357,87,1,6
BRDA:362,88,0,3
BRDA:362,88,1,1
BRDA:372,89,0,2
BRDA:372,89,1,1
BRDA:372,90,0,3
BRDA:372,90,1,3
BRDA:372,91,0,1
BRDA:372,91,1,2
BRDA:372,92,0,3
BRDA:372,92,1,3
BRDA:372,93,0,0
BRDA:372,93,1,3
BRDA:372,94,0,3
BRDA:372,94,1,3
BRDA:378,95,0,2
BRDA:378,95,1,1
BRDA:378,96,0,3
BRDA:378,96,1,3
BRDA:378,97,0,1
BRDA:378,97,1,2
BRDA:378,98,0,3
BRDA:378,98,1,3
BRF:189
BRH:182
end_of_record
TN:
SF:src/module/ip-module/index.ts
FN:9,(anonymous_7)
FN:39,(anonymous_9)
FNF:2
FNH:0
FNDA:0,(anonymous_7)
FNDA:0,(anonymous_9)
DA:1,3
DA:2,3
DA:4,3
DA:5,3
DA:6,3
DA:8,3
DA:10,0
DA:11,0
DA:19,0
DA:20,0
DA:21,0
DA:27,0
DA:28,0
DA:33,0
DA:36,0
DA:40,0
DA:41,0
DA:49,0
DA:50,0
DA:51,0
DA:57,0
DA:58,0
DA:63,0
DA:66,0
LF:24
LH:6
BRDA:12,0,0,0
BRDA:12,0,1,0
BRDA:12,1,0,0
BRDA:12,1,1,0
BRDA:12,2,0,0
BRDA:12,2,1,0
BRDA:12,3,0,0
BRDA:12,3,1,0
BRDA:19,4,0,0
BRDA:36,5,0,0
BRDA:36,5,1,0
BRDA:36,6,0,0
BRDA:36,6,1,0
BRDA:42,7,0,0
BRDA:42,7,1,0
BRDA:42,8,0,0
BRDA:42,8,1,0
BRDA:42,9,0,0
BRDA:42,9,1,0
BRDA:42,10,0,0
BRDA:42,10,1,0
BRDA:49,11,0,0
BRDA:66,12,0,0
BRDA:66,12,1,0
BRDA:66,13,0,0
BRDA:66,13,1,0
BRF:26
BRH:0
end_of_record
TN:
SF:src/module/nft-module/index.ts
FN:16,(anonymous_7)
FN:46,(anonymous_9)
FN:76,(anonymous_11)
FN:106,(anonymous_13)
FN:136,(anonymous_15)
FNF:5
FNH:0
FNDA:0,(anonymous_7)
FNDA:0,(anonymous_9)
FNDA:0,(anonymous_11)
FNDA:0,(anonymous_13)
FNDA:0,(anonymous_15)
DA:1,3
DA:2,3
DA:3,3
DA:11,3
DA:12,3
DA:13,3
DA:15,3
DA:17,0
DA:18,0
DA:26,0
DA:27,0
DA:28,0
DA:34,0
DA:35,0
DA:40,0
DA:43,0
DA:47,0
DA:48,0
DA:56,0
DA:57,0
DA:58,0
DA:64,0
DA:65,0
DA:70,0
DA:73,0
DA:77,0
DA:78,0
DA:86,0
DA:87,0
DA:88,0
DA:94,0
DA:95,0
DA:100,0
DA:103,0
DA:107,0
DA:108,0
DA:116,0
DA:117,0
DA:118,0
DA:124,0
DA:125,0
DA:130,0
DA:133,0
DA:137,0
DA:138,0
DA:146,0
DA:147,0
DA:149,0
DA:156,0
DA:157,0
DA:162,0
DA:165,0
LF:52
LH:7
BRDA:19,0,0,0
BRDA:19,0,1,0
BRDA:19,1,0,0
BRDA:19,1,1,0
BRDA:19,2,0,0
BRDA:19,2,1,0
BRDA:19,3,0,0
BRDA:19,3,1,0
BRDA:26,4,0,0
BRDA:43,5,0,0
BRDA:43,5,1,0
BRDA:43,6,0,0
BRDA:43,6,1,0
BRDA:49,7,0,0
BRDA:49,7,1,0
BRDA:49,8,0,0
BRDA:49,8,1,0
BRDA:49,9,0,0
BRDA:49,9,1,0
BRDA:49,10,0,0
BRDA:49,10,1,0
BRDA:56,11,0,0
BRDA:73,12,0,0
BRDA:73,12,1,0
BRDA:73,13,0,0
BRDA:73,13,1,0
BRDA:79,14,0,0
BRDA:79,14,1,0
BRDA:79,15,0,0
BRDA:79,15,1,0
BRDA:79,16,0,0
BRDA:79,16,1,0
BRDA:79,17,0,0
BRDA:79,17,1,0
BRDA:86,18,0,0
BRDA:103,19,0,0
BRDA:103,19,1,0
BRDA:103,20,0,0
BRDA:103,20,1,0
BRDA:109,21,0,0
BRDA:109,21,1,0
BRDA:109,22,0,0
BRDA:109,22,1,0
BRDA:109,23,0,0
BRDA:109,23,1,0
BRDA:109,24,0,0
BRDA:109,24,1,0
BRDA:116,25,0,0
BRDA:133,26,0,0
BRDA:133,26,1,0
BRDA:133,27,0,0
BRDA:133,27,1,0
BRDA:139,28,0,0
BRDA:139,28,1,0
BRDA:139,29,0,0
BRDA:139,29,1,0
BRDA:139,30,0,0
BRDA:139,30,1,0
BRDA:139,31,0,0
BRDA:139,31,1,0
BRDA:146,32,0,0
BRDA:165,33,0,0
BRDA:165,33,1,0
BRDA:165,34,0,0
BRDA:165,34,1,0
BRF:65
BRH:0
end_of_record
TN:
SF:src/utils/index.ts
FN:5,(anonymous_0)
FN:9,(anonymous_1)
FNF:2
FNH:0
FNDA:0,(anonymous_0)
FNDA:0,(anonymous_1)
DA:1,0
DA:3,0
DA:5,0
DA:6,0
DA:9,0
LF:5
LH:0
BRF:0
BRH:0
end_of_record
